This is pdfTeX, Version 3.141592653-2.6-1.40.28 (MiKTeX 25.12) (preloaded format=pdflatex 2026.5.24)  28 MAY 2026 23:54
entering extended mode
 restricted \write18 enabled.
 %&-line parsing enabled.
**./4_Theoretical_Analysis.tex
(4_Theoretical_Analysis.tex
LaTeX2e <2025-11-01>
L3 programming layer <2025-12-24>

(C:\Users\chutrunganh\AppData\Local\Programs\MiKTeX\tex/latex/subfiles\subfiles
.cls
Document Class: subfiles 2020/11/14 v2.2 Multi-file projects (class)
Preamble taken from file `../main.tex'

(C:\Users\chutrunganh\AppData\Local\Programs\MiKTeX\tex/latex/import\import.sty
Package: import 2020/04/01  v 6.2
) (../main.tex
(C:\Users\chutrunganh\AppData\Local\Programs\MiKTeX\tex/latex/base\report.cls
Document Class: report 2025/01/22 v1.4n Standard LaTeX document class
(C:\Users\chutrunganh\AppData\Local\Programs\MiKTeX\tex/latex/base\size10.clo
File: size10.clo 2025/01/22 v1.4n Standard LaTeX file (size option)
)
\c@part=\count275
\c@chapter=\count276
\c@section=\count277
\c@subsection=\count278
\c@subsubsection=\count279
\c@paragraph=\count280
\c@subparagraph=\count281
\c@figure=\count282
\c@table=\count283
\abovecaptionskip=\skip49
\belowcaptionskip=\skip50
\bibindent=\dimen148
)
(C:\Users\chutrunganh\AppData\Local\Programs\MiKTeX\tex/latex/koma-script\screx
tend.sty
Package: scrextend 2026/02/02 v3.49.2 KOMA-Script package (extend other classes
 with features of KOMA-Script classes)

(C:\Users\chutrunganh\AppData\Local\Programs\MiKTeX\tex/latex/koma-script\scrkb
ase.sty
Package: scrkbase 2026/02/02 v3.49.2 KOMA-Script package (KOMA-Script-dependent
 basics and keyval usage)

(C:\Users\chutrunganh\AppData\Local\Programs\MiKTeX\tex/latex/koma-script\scrba
se.sty
Package: scrbase 2026/02/02 v3.49.2 KOMA-Script package (KOMA-Script-independen
t basics and keyval usage)

(C:\Users\chutrunganh\AppData\Local\Programs\MiKTeX\tex/latex/koma-script\scrlf
ile.sty
Package: scrlfile 2026/02/02 v3.49.2 KOMA-Script package (file load hooks)

(C:\Users\chutrunganh\AppData\Local\Programs\MiKTeX\tex/latex/koma-script\scrlf
ile-hook.sty
Package: scrlfile-hook 2026/02/02 v3.49.2 KOMA-Script package (using LaTeX hook
s)

(C:\Users\chutrunganh\AppData\Local\Programs\MiKTeX\tex/latex/koma-script\scrlo
go.sty
Package: scrlogo 2026/02/02 v3.49.2 KOMA-Script package (logo)
)))
(C:\Users\chutrunganh\AppData\Local\Programs\MiKTeX\tex/latex/graphics\keyval.s
ty
Package: keyval 2022/05/29 v1.15 key=value parser (DPC)
\KV@toks@=\toks17
)
Applying: [2021/05/01] Usage of raw or classic option list on input line 254.
Already applied: [0000/00/00] Usage of raw or classic option list on input line
 370.
)))

LaTeX Font Warning: Font shape `OT1/cmr/m/n' in size <13> not available
(Font)              size <12> substituted on input line 3.


(C:\Users\chutrunganh\AppData\Local\Programs\MiKTeX\tex/latex/vntex\vietnam.sty
Package: vietnam 2009/07/12 v1.3 support for Vietnamese
(C:\Users\chutrunganh\AppData\Local\Programs\MiKTeX\tex/latex/base\ifthen.sty
Package: ifthen 2024/03/16 v1.1e Standard LaTeX ifthen package (DPC)
)
(C:\Users\chutrunganh\AppData\Local\Programs\MiKTeX\tex/latex/base\fontenc.sty
Package: fontenc 2025/07/18 v2.1d Standard LaTeX package

(C:\Users\chutrunganh\AppData\Local\Programs\MiKTeX\tex/latex/vntex\t5enc.def
File: t5enc.def 2006/11/21 v1.4 Vietnamese T5 encoding
Now handling font encoding T5 ...
... processing UTF-8 mapping file for font encoding T5

(C:\Users\chutrunganh\AppData\Local\Programs\MiKTeX\tex/latex/vntex\t5enc.dfu
File: t5enc.dfu 2006/08/19 v1.1 UTF8 support for Vietnamese
   defining Unicode char U+00AB (decimal 171)
   defining Unicode char U+00BB (decimal 187)
   defining Unicode char U+00C0 (decimal 192)
   defining Unicode char U+00C1 (decimal 193)
   defining Unicode char U+00C2 (decimal 194)
   defining Unicode char U+00C3 (decimal 195)
   defining Unicode char U+00C8 (decimal 200)
   defining Unicode char U+00C9 (decimal 201)
   defining Unicode char U+00CA (decimal 202)
   defining Unicode char U+00CC (decimal 204)
   defining Unicode char U+00CD (decimal 205)
   defining Unicode char U+00D2 (decimal 210)
   defining Unicode char U+00D3 (decimal 211)
   defining Unicode char U+00D4 (decimal 212)
   defining Unicode char U+00D5 (decimal 213)
   defining Unicode char U+00D9 (decimal 217)
   defining Unicode char U+00DA (decimal 218)
   defining Unicode char U+00DD (decimal 221)
   defining Unicode char U+00E0 (decimal 224)
   defining Unicode char U+00E1 (decimal 225)
   defining Unicode char U+00E2 (decimal 226)
   defining Unicode char U+00E3 (decimal 227)
   defining Unicode char U+00E8 (decimal 232)
   defining Unicode char U+00E9 (decimal 233)
   defining Unicode char U+00EA (decimal 234)
   defining Unicode char U+00EC (decimal 236)
   defining Unicode char U+00ED (decimal 237)
   defining Unicode char U+00F2 (decimal 242)
   defining Unicode char U+00F3 (decimal 243)
   defining Unicode char U+00F4 (decimal 244)
   defining Unicode char U+00F5 (decimal 245)
   defining Unicode char U+00F9 (decimal 249)
   defining Unicode char U+00FA (decimal 250)
   defining Unicode char U+00FD (decimal 253)
   defining Unicode char U+0102 (decimal 258)
   defining Unicode char U+0103 (decimal 259)
   defining Unicode char U+0110 (decimal 272)
   defining Unicode char U+0111 (decimal 273)
   defining Unicode char U+0128 (decimal 296)
   defining Unicode char U+0129 (decimal 297)
   defining Unicode char U+0131 (decimal 305)
   defining Unicode char U+0168 (decimal 360)
   defining Unicode char U+0169 (decimal 361)
   defining Unicode char U+01A0 (decimal 416)
   defining Unicode char U+01A1 (decimal 417)
   defining Unicode char U+01AF (decimal 431)
   defining Unicode char U+01B0 (decimal 432)
   defining Unicode char U+1EA0 (decimal 7840)
   defining Unicode char U+1EA1 (decimal 7841)
   defining Unicode char U+1EA2 (decimal 7842)
   defining Unicode char U+1EA3 (decimal 7843)
   defining Unicode char U+1EA4 (decimal 7844)
   defining Unicode char U+1EA5 (decimal 7845)
   defining Unicode char U+1EA6 (decimal 7846)
   defining Unicode char U+1EA7 (decimal 7847)
   defining Unicode char U+1EA8 (decimal 7848)
   defining Unicode char U+1EA9 (decimal 7849)
   defining Unicode char U+1EAA (decimal 7850)
   defining Unicode char U+1EAB (decimal 7851)
   defining Unicode char U+1EAC (decimal 7852)
   defining Unicode char U+1EAD (decimal 7853)
   defining Unicode char U+1EAE (decimal 7854)
   defining Unicode char U+1EAF (decimal 7855)
   defining Unicode char U+1EB0 (decimal 7856)
   defining Unicode char U+1EB1 (decimal 7857)
   defining Unicode char U+1EB2 (decimal 7858)
   defining Unicode char U+1EB3 (decimal 7859)
   defining Unicode char U+1EB4 (decimal 7860)
   defining Unicode char U+1EB5 (decimal 7861)
   defining Unicode char U+1EB6 (decimal 7862)
   defining Unicode char U+1EB7 (decimal 7863)
   defining Unicode char U+1EB8 (decimal 7864)
   defining Unicode char U+1EB9 (decimal 7865)
   defining Unicode char U+1EBA (decimal 7866)
   defining Unicode char U+1EBB (decimal 7867)
   defining Unicode char U+1EBC (decimal 7868)
   defining Unicode char U+1EBD (decimal 7869)
   defining Unicode char U+1EBE (decimal 7870)
   defining Unicode char U+1EBF (decimal 7871)
   defining Unicode char U+1EC0 (decimal 7872)
   defining Unicode char U+1EC1 (decimal 7873)
   defining Unicode char U+1EC2 (decimal 7874)
   defining Unicode char U+1EC3 (decimal 7875)
   defining Unicode char U+1EC4 (decimal 7876)
   defining Unicode char U+1EC5 (decimal 7877)
   defining Unicode char U+1EC6 (decimal 7878)
   defining Unicode char U+1EC7 (decimal 7879)
   defining Unicode char U+1EC8 (decimal 7880)
   defining Unicode char U+1EC9 (decimal 7881)
   defining Unicode char U+1ECA (decimal 7882)
   defining Unicode char U+1ECB (decimal 7883)
   defining Unicode char U+1ECC (decimal 7884)
   defining Unicode char U+1ECD (decimal 7885)
   defining Unicode char U+1ECE (decimal 7886)
   defining Unicode char U+1ECF (decimal 7887)
   defining Unicode char U+1ED0 (decimal 7888)
   defining Unicode char U+1ED1 (decimal 7889)
   defining Unicode char U+1ED2 (decimal 7890)
   defining Unicode char U+1ED3 (decimal 7891)
   defining Unicode char U+1ED4 (decimal 7892)
   defining Unicode char U+1ED5 (decimal 7893)
   defining Unicode char U+1ED6 (decimal 7894)
   defining Unicode char U+1ED7 (decimal 7895)
   defining Unicode char U+1ED8 (decimal 7896)
   defining Unicode char U+1ED9 (decimal 7897)
   defining Unicode char U+1EDA (decimal 7898)
   defining Unicode char U+1EDB (decimal 7899)
   defining Unicode char U+1EDC (decimal 7900)
   defining Unicode char U+1EDD (decimal 7901)
   defining Unicode char U+1EDE (decimal 7902)
   defining Unicode char U+1EDF (decimal 7903)
   defining Unicode char U+1EE0 (decimal 7904)
   defining Unicode char U+1EE1 (decimal 7905)
   defining Unicode char U+1EE2 (decimal 7906)
   defining Unicode char U+1EE3 (decimal 7907)
   defining Unicode char U+1EE4 (decimal 7908)
   defining Unicode char U+1EE5 (decimal 7909)
   defining Unicode char U+1EE6 (decimal 7910)
   defining Unicode char U+1EE7 (decimal 7911)
   defining Unicode char U+1EE8 (decimal 7912)
   defining Unicode char U+1EE9 (decimal 7913)
   defining Unicode char U+1EEA (decimal 7914)
   defining Unicode char U+1EEB (decimal 7915)
   defining Unicode char U+1EEC (decimal 7916)
   defining Unicode char U+1EED (decimal 7917)
   defining Unicode char U+1EEE (decimal 7918)
   defining Unicode char U+1EEF (decimal 7919)
   defining Unicode char U+1EF0 (decimal 7920)
   defining Unicode char U+1EF1 (decimal 7921)
   defining Unicode char U+1EF2 (decimal 7922)
   defining Unicode char U+1EF3 (decimal 7923)
   defining Unicode char U+1EF4 (decimal 7924)
   defining Unicode char U+1EF5 (decimal 7925)
   defining Unicode char U+1EF6 (decimal 7926)
   defining Unicode char U+1EF7 (decimal 7927)
   defining Unicode char U+1EF8 (decimal 7928)
   defining Unicode char U+1EF9 (decimal 7929)
   defining Unicode char U+200C (decimal 8204)
   defining Unicode char U+2013 (decimal 8211)
   defining Unicode char U+2014 (decimal 8212)
   defining Unicode char U+2018 (decimal 8216)
   defining Unicode char U+2019 (decimal 8217)
   defining Unicode char U+201A (decimal 8218)
   defining Unicode char U+201C (decimal 8220)
   defining Unicode char U+201D (decimal 8221)
   defining Unicode char U+201E (decimal 8222)
   defining Unicode char U+2030 (decimal 8240)
   defining Unicode char U+2031 (decimal 8241)
   defining Unicode char U+2039 (decimal 8249)
   defining Unicode char U+203A (decimal 8250)
   defining Unicode char U+2423 (decimal 9251)
))
LaTeX Font Info:    Trying to load font information for T5+cmr on input line 11
6.
(C:\Users\chutrunganh\AppData\Local\Programs\MiKTeX\tex/latex/vntex\t5cmr.fd
File: t5cmr.fd 1999/05/25 v2.5h Standard LaTeX font definitions
))
(C:\Users\chutrunganh\AppData\Local\Programs\MiKTeX\tex/latex/base\inputenc.sty
Package: inputenc 2024/02/08 v1.3d Input encoding file
\inpenc@prehook=\toks18
\inpenc@posthook=\toks19
)
(C:\Users\chutrunganh\AppData\Local\Programs\MiKTeX\tex/latex/vntex\vncaps.tex
File: vncaps.tex 2006/06/07 v1.1 Captions in Vietnamese
))
(C:\Users\chutrunganh\AppData\Local\Programs\MiKTeX\tex/latex/geometry\geometry
.sty
Package: geometry 2026/03/07 v6.0 Page Geometry

(C:\Users\chutrunganh\AppData\Local\Programs\MiKTeX\tex/generic/iftex\ifvtex.st
y
Package: ifvtex 2019/10/25 v1.7 ifvtex legacy package. Use iftex instead.

(C:\Users\chutrunganh\AppData\Local\Programs\MiKTeX\tex/generic/iftex\iftex.sty
Package: iftex 2024/12/12 v1.0g TeX engine tests
))
\Gm@cnth=\count284
\Gm@cntv=\count285
\c@Gm@tempcnt=\count286
\Gm@bindingoffset=\dimen149
\Gm@wd@mp=\dimen150
\Gm@odd@mp=\dimen151
\Gm@even@mp=\dimen152
\Gm@layoutwidth=\dimen153
\Gm@layoutheight=\dimen154
\Gm@layouthoffset=\dimen155
\Gm@layoutvoffset=\dimen156
\Gm@dimlist=\toks20

(C:\Users\chutrunganh\AppData\Local\Programs\MiKTeX\tex/latex/geometry\geometry
.cfg))
(C:\Users\chutrunganh\AppData\Local\Programs\MiKTeX\tex/latex/xurl\xurl.sty
Package: xurl 2022/01/09 v 0.10 modify URL breaks

(C:\Users\chutrunganh\AppData\Local\Programs\MiKTeX\tex/latex/url\url.sty
\Urlmuskip=\muskip17
Package: url 2013/09/16  ver 3.4  Verb mode for urls, etc.
))
(C:\Users\chutrunganh\AppData\Local\Programs\MiKTeX\tex/latex/appendix\appendix
.sty
Package: appendix 2020/02/08 v1.2c extra appendix facilities
\c@@pps=\count287
\c@@ppsavesec=\count288
\c@@ppsaveapp=\count289
)
(C:\Users\chutrunganh\AppData\Local\Programs\MiKTeX\tex/generic/babel\babel.sty
Package: babel 2025/12/11 v25.17 The multilingual framework for LuaLaTeX, pdfLa
TeX and XeLaTeX
\babel@savecnt=\count290
LaTeX Encoding Info:    Redeclaring text command \ij (encoding OT1) on input li
ne 2068.
LaTeX Encoding Info:    Redeclaring text command \IJ (encoding OT1) on input li
ne 2070.
LaTeX Encoding Info:    Redeclaring text command \ij (encoding T1) on input lin
e 2072.
LaTeX Encoding Info:    Redeclaring text command \IJ (encoding T1) on input lin
e 2073.
LaTeX Encoding Info:    Ignoring declaration for text command \ij (encoding ?) 
on input line 2074.
LaTeX Encoding Info:    Ignoring declaration for text command \IJ (encoding ?) 
on input line 2076.
LaTeX Encoding Info:    Ignoring declaration for text command \SS (encoding ?) 
on input line 2101.
\U@D=\dimen157
\l@unhyphenated=\language79

(C:\Users\chutrunganh\AppData\Local\Programs\MiKTeX\tex/generic/babel\txtbabel.
def)
\bbl@readstream=\read2
\bbl@dirlevel=\count291
Package babel Info: Configuration files are deprecated, as
(babel)             they can break document portability.
(babel)             Reported on input line 4196.

*************************************
* Local config file bblopts.cfg used
*

(C:\Users\chutrunganh\AppData\Local\Programs\MiKTeX\tex/latex/arabi\bblopts.cfg
File: bblopts.cfg 2005/09/08 v0.1 add Arabic and Farsi to "declared" options of
 babel
)
Package babel Info: You haven't specified a language as a class or package
(babel)             option. I'll load 'nil'. Reported on input line 4255.
Package babel Info: Importing font and identification data for nil
(babel)             from babel-und-x-nil.ini. Reported on input line 4320.
 (C:\Users\chutrunganh\AppData\Local\Programs\MiKTeX\tex/generic/babel\nil.ldf
Language: nil 2025/12/11 v25.17 Nil language
\l@nil=\language80
))
(C:\Users\chutrunganh\AppData\Local\Programs\MiKTeX\tex/latex/xcolor\xcolor.sty
Package: xcolor 2024/09/29 v3.02 LaTeX color extensions (UK)

(C:\Users\chutrunganh\AppData\Local\Programs\MiKTeX\tex/latex/graphics-cfg\colo
r.cfg
File: color.cfg 2016/01/02 v1.6 sample color configuration
)
Package xcolor Info: Driver file: pdftex.def on input line 274.

(C:\Users\chutrunganh\AppData\Local\Programs\MiKTeX\tex/latex/graphics-def\pdft
ex.def
File: pdftex.def 2025/09/29 v1.2d Graphics/color driver for pdftex
)
(C:\Users\chutrunganh\AppData\Local\Programs\MiKTeX\tex/latex/graphics\mathcolo
r.ltx)
Package xcolor Info: Model `cmy' substituted by `cmy0' on input line 1349.
Package xcolor Info: Model `hsb' substituted by `rgb' on input line 1353.
Package xcolor Info: Model `RGB' extended on input line 1365.
Package xcolor Info: Model `HTML' substituted by `rgb' on input line 1367.
Package xcolor Info: Model `Hsb' substituted by `hsb' on input line 1368.
Package xcolor Info: Model `tHsb' substituted by `hsb' on input line 1369.
Package xcolor Info: Model `HSB' substituted by `hsb' on input line 1370.
Package xcolor Info: Model `Gray' substituted by `gray' on input line 1371.
Package xcolor Info: Model `wave' substituted by `hsb' on input line 1372.
)
(C:\Users\chutrunganh\AppData\Local\Programs\MiKTeX\tex/latex/outlines\outlines
.sty
Package: outlines 2012/1/23 1.1 Ch. Pecheur
)
(C:\Users\chutrunganh\AppData\Local\Programs\MiKTeX\tex/latex/graphics\graphicx
.sty
Package: graphicx 2024/12/31 v1.2e Enhanced LaTeX Graphics (DPC,SPQR)

(C:\Users\chutrunganh\AppData\Local\Programs\MiKTeX\tex/latex/graphics\graphics
.sty
Package: graphics 2024/08/06 v1.4g Standard LaTeX Graphics (DPC,SPQR)

(C:\Users\chutrunganh\AppData\Local\Programs\MiKTeX\tex/latex/graphics\trig.sty
Package: trig 2023/12/02 v1.11 sin cos tan (DPC)
)
(C:\Users\chutrunganh\AppData\Local\Programs\MiKTeX\tex/latex/graphics-cfg\grap
hics.cfg
File: graphics.cfg 2016/06/04 v1.11 sample graphics configuration
)
Package graphics Info: Driver file: pdftex.def on input line 106.
)
\Gin@req@height=\dimen158
\Gin@req@width=\dimen159
)
(C:\Users\chutrunganh\AppData\Local\Programs\MiKTeX\tex/latex/fancybox\fancybox
.sty
Package: fancybox 2010/05/15 1.4

Style option: `fancybox' v1.4 <2010/05/15> (tvz)
\@fancybox=\box53
\shadowsize=\dimen160
\@Sbox=\box54
\do@VerbBox=\toks21
\the@fancyput=\toks22
\this@fancyput=\toks23
\EndVerbatimTokens=\toks24
\Verbatim@Outfile=\write3
\Verbatim@Infile=\read3
)
(C:\Users\chutrunganh\AppData\Local\Programs\MiKTeX\tex/latex/tools\indentfirst
.sty
Package: indentfirst 2023/07/02 v1.03 Indent first paragraph (DPC)
)
(C:\Users\chutrunganh\AppData\Local\Programs\MiKTeX\tex/latex/amscls\amsthm.sty
Package: amsthm 2020/05/29 v2.20.6
\thm@style=\toks25
\thm@bodyfont=\toks26
\thm@headfont=\toks27
\thm@notefont=\toks28
\thm@headpunct=\toks29
\thm@preskip=\skip51
\thm@postskip=\skip52
\thm@headsep=\skip53
\dth@everypar=\toks30
)
(C:\Users\chutrunganh\AppData\Local\Programs\MiKTeX\tex/latex/base\latexsym.sty
Package: latexsym 1998/08/17 v2.2e Standard LaTeX package (lasy symbols)
\symlasy=\mathgroup4
LaTeX Font Info:    Overwriting symbol font `lasy' in version `bold'
(Font)                  U/lasy/m/n --> U/lasy/b/n on input line 52.
)
(C:\Users\chutrunganh\AppData\Local\Programs\MiKTeX\tex/latex/amsmath\amsmath.s
ty
Package: amsmath 2025/07/09 v2.17z AMS math features
\@mathmargin=\skip54

For additional information on amsmath, use the `?' option.

(C:\Users\chutrunganh\AppData\Local\Programs\MiKTeX\tex/latex/amsmath\amstext.s
ty
Package: amstext 2024/11/17 v2.01 AMS text

(C:\Users\chutrunganh\AppData\Local\Programs\MiKTeX\tex/latex/amsmath\amsgen.st
y
File: amsgen.sty 1999/11/30 v2.0 generic functions
\@emptytoks=\toks31
\ex@=\dimen161
))
(C:\Users\chutrunganh\AppData\Local\Programs\MiKTeX\tex/latex/amsmath\amsbsy.st
y
Package: amsbsy 1999/11/29 v1.2d Bold Symbols
\pmbraise@=\dimen162
)
(C:\Users\chutrunganh\AppData\Local\Programs\MiKTeX\tex/latex/amsmath\amsopn.st
y
Package: amsopn 2022/04/08 v2.04 operator names
)
\inf@bad=\count292
LaTeX Info: Redefining \frac on input line 233.
\uproot@=\count293
\leftroot@=\count294
LaTeX Info: Redefining \overline on input line 398.
LaTeX Info: Redefining \colon on input line 409.
\classnum@=\count295
\DOTSCASE@=\count296
LaTeX Info: Redefining \ldots on input line 495.
LaTeX Info: Redefining \dots on input line 498.
LaTeX Info: Redefining \cdots on input line 619.
\Mathstrutbox@=\box55
\strutbox@=\box56
LaTeX Info: Redefining \big on input line 721.
LaTeX Info: Redefining \Big on input line 722.
LaTeX Info: Redefining \bigg on input line 723.
LaTeX Info: Redefining \Bigg on input line 724.
\big@size=\dimen163
LaTeX Font Info:    Redeclaring font encoding OML on input line 742.
LaTeX Font Info:    Redeclaring font encoding OMS on input line 743.
\macc@depth=\count297
LaTeX Info: Redefining \bmod on input line 904.
LaTeX Info: Redefining \pmod on input line 909.
LaTeX Info: Redefining \smash on input line 939.
LaTeX Info: Redefining \relbar on input line 969.
LaTeX Info: Redefining \Relbar on input line 970.
\c@MaxMatrixCols=\count298
\dotsspace@=\muskip18
\c@parentequation=\count299
\dspbrk@lvl=\count300
\tag@help=\toks32
\row@=\count301
\column@=\count302
\maxfields@=\count303
\andhelp@=\toks33
\eqnshift@=\dimen164
\alignsep@=\dimen165
\tagshift@=\dimen166
\tagwidth@=\dimen167
\totwidth@=\dimen168
\lineht@=\dimen169
\@envbody=\toks34
\multlinegap=\skip55
\multlinetaggap=\skip56
\mathdisplay@stack=\toks35
LaTeX Info: Redefining \[ on input line 2950.
LaTeX Info: Redefining \] on input line 2951.
)
(C:\Users\chutrunganh\AppData\Local\Programs\MiKTeX\tex/latex/amsfonts\amssymb.
sty
Package: amssymb 2013/01/14 v3.01 AMS font symbols

(C:\Users\chutrunganh\AppData\Local\Programs\MiKTeX\tex/latex/amsfonts\amsfonts
.sty
Package: amsfonts 2013/01/14 v3.01 Basic AMSFonts support
\symAMSa=\mathgroup5
\symAMSb=\mathgroup6
LaTeX Font Info:    Redeclaring math symbol \hbar on input line 98.
LaTeX Font Info:    Overwriting math alphabet `\mathfrak' in version `bold'
(Font)                  U/euf/m/n --> U/euf/b/n on input line 106.
))
(C:\Users\chutrunganh\AppData\Local\Programs\MiKTeX\tex/latex/psnfss\times.sty
Package: times 2020/03/25 PSNFSS-v9.3 (SPQR) 
) (C:\Users\chutrunganh\AppData\Local\Programs\MiKTeX\tex/latex/tools\array.sty
Package: array 2025/09/25 v2.6n Tabular extension package (FMi)
\col@sep=\dimen170
\ar@mcellbox=\box57
\extrarowheight=\dimen171
\NC@list=\toks36
\extratabsurround=\skip57
\backup@length=\skip58
\ar@cellbox=\box58
)
(C:\Users\chutrunganh\AppData\Local\Programs\MiKTeX\tex/latex/enumitem\enumitem
.sty
Package: enumitem 2025/02/06 v3.11 Customized lists
\labelindent=\skip59
\enit@outerparindent=\dimen172
\enit@toks=\toks37
\enit@inbox=\box59
\enit@count@id=\count304
\enitdp@description=\count305
)
(C:\Users\chutrunganh\AppData\Local\Programs\MiKTeX\tex/latex/subfiles\subfiles
.sty
Package: subfiles 2020/11/14 v2.2 Multi-file projects (package)
)
(C:\Users\chutrunganh\AppData\Local\Programs\MiKTeX\tex/latex/titlesec\titlesec
.sty
Package: titlesec 2025/01/04 v2.17 Sectioning titles
\ttl@box=\box60
\beforetitleunit=\skip60
\aftertitleunit=\skip61
\ttl@plus=\dimen173
\ttl@minus=\dimen174
\ttl@toksa=\toks38
\titlewidth=\dimen175
\titlewidthlast=\dimen176
\titlewidthfirst=\dimen177
)
(C:\Users\chutrunganh\AppData\Local\Programs\MiKTeX\tex/latex/titlesec\titletoc
.sty
Package: titletoc 2025/01/04 v2.17 TOC entries
\ttl@leftsep=\dimen178
)
(C:\Users\chutrunganh\AppData\Local\Programs\MiKTeX\tex/latex/chngcntr\chngcntr
.sty
Package: chngcntr 2018/04/09 v1.1a change counter resetting
Package chngcntr Info: \counterwithout already defined.
(chngcntr)             Quitting chngcntr on input line 21.
)
(C:\Users\chutrunganh\AppData\Local\Programs\MiKTeX\tex/latex/pdflscape\pdflsca
pe.sty
Package: pdflscape 2022-10-27 v0.13 Display of landscape pages in PDF

(C:\Users\chutrunganh\AppData\Local\Programs\MiKTeX\tex/latex/pdflscape\pdflsca
pe-nometadata.sty
Package: pdflscape-nometadata 2022-10-28 v0.13 Display of landscape pages in PD
F (HO)

(C:\Users\chutrunganh\AppData\Local\Programs\MiKTeX\tex/latex/graphics\lscape.s
ty
Package: lscape 2020/05/28 v3.02 Landscape Pages (DPC)
)
Package pdflscape Info: Auto-detected driver: pdftex on input line 81.
))
(C:\Users\chutrunganh\AppData\Local\Programs\MiKTeX\tex/latex/tools\afterpage.s
ty
Package: afterpage 2023/07/04 v1.08 After-Page Package (DPC)
\AP@output=\toks39
\AP@partial=\box61
\AP@footins=\box62
)
(C:\Users\chutrunganh\AppData\Local\Programs\MiKTeX\tex/latex/algorithm2e\algor
ithm2e.sty
Package: algorithm2e 2017/07/18 v5.2 algorithms environments
\c@AlgoLine=\count306
\algocf@hangindent=\skip62

(C:\Users\chutrunganh\AppData\Local\Programs\MiKTeX\tex/latex/ifoddpage\ifoddpa
ge.sty
Package: ifoddpage 2022/10/18 v1.2 Conditionals for odd/even page detection
\c@checkoddpage=\count307
)
(C:\Users\chutrunganh\AppData\Local\Programs\MiKTeX\tex/latex/tools\xspace.sty
Package: xspace 2014/10/28 v1.13 Space after command names (DPC,MH)
)
(C:\Users\chutrunganh\AppData\Local\Programs\MiKTeX\tex/latex/relsize\relsize.s
ty
Package: relsize 2013/03/29 ver 4.1
)
\skiptotal=\skip63
\skiplinenumber=\skip64
\skiprule=\skip65
\skiphlne=\skip66
\skiptext=\skip67
\skiplength=\skip68
\algomargin=\skip69
\skipalgocfslide=\skip70
\algowidth=\dimen179
\inoutsize=\dimen180
\inoutindent=\dimen181
\interspacetitleruled=\dimen182
\interspacealgoruled=\dimen183
\interspacetitleboxruled=\dimen184
\algocf@ruledwidth=\skip71
\algocf@inoutbox=\box63
\algocf@inputbox=\box64
\AlCapSkip=\skip72
\AlCapHSkip=\skip73
\algoskipindent=\skip74
\algocf@nlbox=\box65
\algocf@hangingbox=\box66
\algocf@untilbox=\box67
\algocf@skipuntil=\skip75
\algocf@capbox=\box68
\algocf@lcaptionbox=\skip76
\algoheightruledefault=\skip77
\algoheightrule=\skip78
\algotitleheightruledefault=\skip79
\algotitleheightrule=\skip80
\c@algocfline=\count308
\c@algocfproc=\count309
\c@algocf=\count310
\algocf@algoframe=\box69
\algocf@algobox=\box70
)
(C:\Users\chutrunganh\AppData\Local\Programs\MiKTeX\tex/latex/capt-of\capt-of.s
ty
Package: capt-of 2009/12/29 v0.2 standard captions outside of floats
)
(C:\Users\chutrunganh\AppData\Local\Programs\MiKTeX\tex/latex/multirow\multirow
.sty
Package: multirow 2024/11/12 v2.9 Span multiple rows of a table
\multirow@colwidth=\skip81
\multirow@cntb=\count311
\multirow@dima=\skip82
\bigstrutjot=\dimen185
)
(C:\Users\chutrunganh\AppData\Local\Programs\MiKTeX\tex/latex/fancyhdr\fancyhdr
.sty
Package: fancyhdr 2025/02/07 v5.2 Extensive control of page headers and footers

\f@nch@headwidth=\skip83
\f@nch@offset@elh=\skip84
\f@nch@offset@erh=\skip85
\f@nch@offset@olh=\skip86
\f@nch@offset@orh=\skip87
\f@nch@offset@elf=\skip88
\f@nch@offset@erf=\skip89
\f@nch@offset@olf=\skip90
\f@nch@offset@orf=\skip91
\f@nch@height=\skip92
\f@nch@footalignment=\skip93
\f@nch@widthL=\skip94
\f@nch@widthC=\skip95
\f@nch@widthR=\skip96
\@temptokenb=\toks40
)
(C:\Users\chutrunganh\AppData\Local\Programs\MiKTeX\tex/latex/caption\caption.s
ty
Package: caption 2023/08/05 v3.6o Customizing captions (AR)

(C:\Users\chutrunganh\AppData\Local\Programs\MiKTeX\tex/latex/caption\caption3.
sty
Package: caption3 2023/07/31 v2.4d caption3 kernel (AR)
\caption@tempdima=\dimen186
\captionmargin=\dimen187
\caption@leftmargin=\dimen188
\caption@rightmargin=\dimen189
\caption@width=\dimen190
\caption@indent=\dimen191
\caption@parindent=\dimen192
\caption@hangindent=\dimen193
Package caption Info: Standard document class detected.
)
\c@caption@flags=\count312
\c@continuedfloat=\count313
Package caption Info: scrextend package is loaded.
\caption@addmargin@hsize=\dimen194
\caption@addmargin@linewidth=\dimen195
)
(C:\Users\chutrunganh\AppData\Local\Programs\MiKTeX\tex/latex/listings\listings
.sty
\lst@mode=\count314
\lst@gtempboxa=\box71
\lst@token=\toks41
\lst@length=\count315
\lst@currlwidth=\dimen196
\lst@column=\count316
\lst@pos=\count317
\lst@lostspace=\dimen197
\lst@width=\dimen198
\lst@newlines=\count318
\lst@lineno=\count319
\lst@maxwidth=\dimen199

(C:\Users\chutrunganh\AppData\Local\Programs\MiKTeX\tex/latex/listings\lstpatch
.sty
File: lstpatch.sty 2025/11/14 1.11b (Carsten Heinz)
)
(C:\Users\chutrunganh\AppData\Local\Programs\MiKTeX\tex/latex/listings\lstmisc.
sty
File: lstmisc.sty 2025/11/14 1.11b (Carsten Heinz)
\c@lstnumber=\count320
\lst@skipnumbers=\count321
\lst@framebox=\box72
)
(C:\Users\chutrunganh\AppData\Local\Programs\MiKTeX\tex/latex/listings\listings
.cfg
File: listings.cfg 2025/11/14 1.11b listings configuration
))
Package: listings 2025/11/14 1.11b (Carsten Heinz)

==> First Aid for listings.sty no longer applied!
    Expected:
        2024/09/23 1.10c (Carsten Heinz)
    but found:
        2025/11/14 1.11b (Carsten Heinz)
    so I'm assuming it got fixed.
(C:\Users\chutrunganh\AppData\Local\Programs\MiKTeX\tex/latex/float\float.sty
Package: float 2001/11/08 v1.3d Float enhancements (AL)
\c@float@type=\count322
\float@exts=\toks42
\float@box=\box73
\@float@everytoks=\toks43
\@floatcapt=\box74
)
(C:\Users\chutrunganh\AppData\Local\Programs\MiKTeX\tex/latex/caption\subcaptio
n.sty
Package: subcaption 2023/07/28 v1.6b Sub-captions (AR)
Package caption Info: New subtype `subfigure' on input line 238.
\c@subfigure=\count323
Package caption Info: New subtype `subtable' on input line 238.
\c@subtable=\count324
)
(C:\Users\chutrunganh\AppData\Local\Programs\MiKTeX\tex/latex/glossaries/base\g
lossaries.sty
Package: glossaries 2026/04/21 v5.1 (NLCT)

(C:\Users\chutrunganh\AppData\Local\Programs\MiKTeX\tex/latex/xkeyval\xkeyval.s
ty
Package: xkeyval 2022/06/16 v2.9 package option processing (HA)

(C:\Users\chutrunganh\AppData\Local\Programs\MiKTeX\tex/generic/xkeyval\xkeyval
.tex
(C:\Users\chutrunganh\AppData\Local\Programs\MiKTeX\tex/generic/xkeyval\xkvutil
s.tex
\XKV@toks=\toks44
\XKV@tempa@toks=\toks45
)
\XKV@depth=\count325
File: xkeyval.tex 2014/12/03 v2.7a key=value parser (HA)
))
(C:\Users\chutrunganh\AppData\Local\Programs\MiKTeX\tex/latex/mfirstuc\mfirstuc
.sty
Package: mfirstuc 2025/04/03 v2.09 (NLCT)

(C:\Users\chutrunganh\AppData\Local\Programs\MiKTeX\tex/latex/etoolbox\etoolbox
.sty
Package: etoolbox 2025/10/02 v2.5m e-TeX tools for LaTeX (JAW)
\etb@tempcnta=\count326
)
\@glsmfirst=\toks46
\@glsmrest=\toks47
)
(C:\Users\chutrunganh\AppData\Local\Programs\MiKTeX\tex/latex/xfor\xfor.sty
Package: xfor 2009/02/05 v1.05 (NLCT)
)
(C:\Users\chutrunganh\AppData\Local\Programs\MiKTeX\tex/latex/tracklang\trackla
ng.sty
Package: tracklang 2026/05/18 v1.6.7 (NLCT) Track Languages

(C:\Users\chutrunganh\AppData\Local\Programs\MiKTeX\tex/generic/tracklang\track
lang.tex)
Package tracklang Info: Tracking dialect `nil' (language `undetermined') on inp
ut line 264.
)
(C:\Users\chutrunganh\AppData\Local\Programs\MiKTeX\tex/latex/translator\transl
ator.sty
Package: translator 2021-05-31 v1.12d Easy translation of strings in LaTeX
)

Package glossaries Warning: No language module detected for `nil'.
(glossaries)                Language modules need to be installed separately.
(glossaries)                Please check on CTAN for a bundle called
(glossaries)                `glossaries-undetermined' or similar.


(C:\Users\chutrunganh\AppData\Local\Programs\MiKTeX\tex/latex/datatool\datatool
-base.sty
Package: datatool-base 2025/12/04 v3.4.3 (NLCT)
\l__datatool_tmpa_int=\count327
\l__datatool_tmpb_int=\count328
\l__datatool_tmpc_int=\count329
\l__datatool_tmpd_int=\count330
\l__datatool_count_int=\count331
\l__datatool_tmp_datatype_int=\count332
\l__datatool_tmpa_dim=\dimen256
\l__datatool_tmpb_dim=\dimen257

(C:\Users\chutrunganh\AppData\Local\Programs\MiKTeX\tex/latex/datatool\datatool
-l3fp.def
File: datatool-l3fp.def 2025/12/04 v3.4.3 (NLCT)
)
\@dtl@toks=\toks48
\@dtl@tmpcount=\count333
\dtl@tmplength=\skip97
\l__datatool_measure_box=\box75
\dtl@sortresult=\count334

(C:\Users\chutrunganh\AppData\Local\Programs\MiKTeX\tex/latex/datatool\datatool
-utf8.ldf
File: datatool-utf8.ldf 2025/12/04 v3.4.3 (NLCT)
)
\@dtl@datatype=\count335
\c_datatool_unknown_int=\count336
\l__datatool_year_int=\count337
\l__datatool_month_int=\count338
\l__datatool_day_int=\count339
\l__datatool_hour_int=\count340
\l__datatool_minute_int=\count341
\l__datatool_second_int=\count342
\l__datatool_tzhour_int=\count343
\l__datatool_tzminute_int=\count344
\l__datatool_julian_int=\count345
\l__datatool_local_julian_int=\count346
\l__datatool_prefix_int=\count347
\l__datatool_suffix_int=\count348
\@dtl@foreach@level=\count349

(C:\Users\chutrunganh\AppData\Local\Programs\MiKTeX\tex/latex/datatool\datatool
-undetermined.ldf
File: datatool-undetermined.ldf 2025/12/04 v3.4.3
)
\dtl@codeA=\count350
\dtl@codeB=\count351
)
\gls@level=\count352
\@gls@tmpb=\toks49
\gls@tmplen=\skip98
\l__glossaries_tmpa_dim=\dimen258
\l__glossaries_tmpb_dim=\dimen259
\glskeylisttok=\toks50
\glslabeltok=\toks51
\glsshorttok=\toks52
\glslongtok=\toks53

(C:\Users\chutrunganh\AppData\Local\Programs\MiKTeX\tex/latex/glossaries/styles
\glossary-hypernav.sty
Package: glossary-hypernav 2026/04/21 v5.1 (NLCT)
)
(C:\Users\chutrunganh\AppData\Local\Programs\MiKTeX\tex/latex/glossaries/styles
\glossary-list.sty
Package: glossary-list 2026/04/21 v5.1 (NLCT)
\glslistdottedwidth=\skip99
)
(C:\Users\chutrunganh\AppData\Local\Programs\MiKTeX\tex/latex/glossaries/styles
\glossary-long.sty
Package: glossary-long 2026/04/21 v5.1 (NLCT)

(C:\Users\chutrunganh\AppData\Local\Programs\MiKTeX\tex/latex/tools\longtable.s
ty
Package: longtable 2025-10-13 v4.24 Multi-page Table package (DPC)
\LTleft=\skip100
\LTright=\skip101
\LTpre=\skip102
\LTpost=\skip103
\LTchunksize=\count353
\LTcapwidth=\dimen260
\LT@head=\box76
\LT@firsthead=\box77
\LT@foot=\box78
\LT@lastfoot=\box79
\LT@gbox=\box80
\LT@cols=\count354
\LT@rows=\count355
\c@LT@tables=\count356
\c@LT@chunks=\count357
\LT@p@ftn=\toks54
)
\glsdescwidth=\skip104
\glspagelistwidth=\skip105
)
(C:\Users\chutrunganh\AppData\Local\Programs\MiKTeX\tex/latex/glossaries/styles
\glossary-super.sty
Package: glossary-super 2026/04/21 v5.1 (NLCT)

(C:\Users\chutrunganh\AppData\Local\Programs\MiKTeX\tex/latex/supertabular\supe
rtabular.sty
Package: supertabular 2025/06/26 v4.2d the supertabular environment
\c@tracingst=\count358
\ST@wd=\dimen261
\ST@rightskip=\skip106
\ST@leftskip=\skip107
\ST@parfillskip=\skip108
\ST@pageleft=\dimen262
\ST@headht=\dimen263
\ST@tailht=\dimen264
\ST@pagesofar=\dimen265
\ST@pboxht=\dimen266
\ST@rowht=\dimen267
\ST@prevht=\dimen268
\ST@toadd=\dimen269
\ST@dimen=\dimen270
\ST@pbox=\box81
))
(C:\Users\chutrunganh\AppData\Local\Programs\MiKTeX\tex/latex/glossaries/styles
\glossary-tree.sty
Package: glossary-tree 2026/04/21 v5.1 (NLCT)
\l__glossaries_tree_max_known_level_int=\count359
\l__glossaries_tree_offset_dim=\dimen271
\l__glossaries_tree_namewidth_dim=\dimen272
\l__glossaries_tree_symbolwidth_dim=\dimen273
\l__glossaries_tree_prenamesym_width_dim=\dimen274
\l__glossaries_tree_presubnamesym_width_dim=\dimen275
\l__glossaries_tree_namewidth_padding_dim=\dimen276
\l__glossaries_tree_symbolwidth_padding_dim=\dimen277
\l__glossaries_tree_namesymbolwidth_dim=\dimen278
\l__glossaries_tree_namesymbolwidth_padding_dim=\dimen279
\l__glossaries_tree_level_int=\count360
\glstreeindent=\skip109
))
(C:\Users\chutrunganh\AppData\Local\Programs\MiKTeX\tex/latex/glossaries/styles
\glossary-superragged.sty
Package: glossary-superragged 2026/04/21 v5.1 (NLCT)
)
(C:\Users\chutrunganh\AppData\Local\Programs\MiKTeX\tex/latex/setspace\setspace
.sty
Package: setspace 2022/12/04 v6.7b set line spacing
)
(C:\Users\chutrunganh\AppData\Local\Programs\MiKTeX\tex/latex/parskip\parskip.s
ty
Package: parskip 2021-03-14 v2.0h non-zero parskip adjustments

(C:\Users\chutrunganh\AppData\Local\Programs\MiKTeX\tex/latex/kvoptions\kvoptio
ns.sty
Package: kvoptions 2022-06-15 v3.15 Key value format for package options (HO)

(C:\Users\chutrunganh\AppData\Local\Programs\MiKTeX\tex/generic/ltxcmds\ltxcmds
.sty
Package: ltxcmds 2023-12-04 v1.26 LaTeX kernel commands for general use (HO)
)
(C:\Users\chutrunganh\AppData\Local\Programs\MiKTeX\tex/latex/kvsetkeys\kvsetke
ys.sty
Package: kvsetkeys 2022-10-05 v1.19 Key value parser (HO)
)))
(C:\Users\chutrunganh\AppData\Local\Programs\MiKTeX\tex/latex/koma-script\tocba
sic.sty
Package: tocbasic 2026/02/02 v3.49.2 KOMA-Script package (handling toc-files)
\scr@dte@tocline@numberwidth=\skip110
\scr@dte@tocline@numbox=\box82
)
(C:\Users\chutrunganh\AppData\Local\Programs\MiKTeX\tex/latex/blindtext\blindte
xt.sty
Package: blindtext 2012/01/06 V2.0 blindtext-Package
\c@blindtext=\count361
\c@Blindtext=\count362
\c@blind@countparstart=\count363
\blind@countxx=\count364
\blindtext@numBlindtext=\count365
\blind@countyy=\count366
\c@blindlist=\count367
\c@blindlistlevel=\count368
\c@blindlist@level=\count369
\blind@listitem=\count370
\c@blind@listcount=\count371
\c@blind@levelcount=\count372
\blind@mathformula=\count373
\blind@Mathformula=\count374
\c@blind@randomcount=\count375
\c@blind@randommax=\count376
\c@blind@pangramcount=\count377
\c@blind@pangrammax=\count378
)
(C:\Users\chutrunganh\AppData\Local\Programs\MiKTeX\tex/latex/csquotes\csquotes
.sty
Package: csquotes 2026-05-19 v5.2p context-sensitive quotations (JAW)
\csq@reset=\count379
\csq@gtype=\count380
\csq@glevel=\count381
\csq@qlevel=\count382
\csq@maxlvl=\count383
\csq@tshold=\count384
\csq@ltx@everypar=\toks55

(C:\Users\chutrunganh\AppData\Local\Programs\MiKTeX\tex/latex/csquotes\csquotes
.def
File: csquotes.def 2026-05-19 v5.2p csquotes generic definitions (JAW)
)
Package csquotes Info: Trying to load configuration file 'csquotes.cfg'...
Package csquotes Info: ... configuration file loaded successfully.

(C:\Users\chutrunganh\AppData\Local\Programs\MiKTeX\tex/latex/csquotes\csquotes
.cfg
File: csquotes.cfg 
))
(C:\Users\chutrunganh\AppData\Local\Programs\MiKTeX\tex/latex/biblatex\biblatex
.sty
Package: biblatex 2025/07/10 v3.21 programmable bibliographies (PK/MW)

(C:\Users\chutrunganh\AppData\Local\Programs\MiKTeX\tex/generic/pdftexcmds\pdft
excmds.sty
Package: pdftexcmds 2020-06-27 v0.33 Utility functions of pdfTeX for LuaTeX (HO
)

(C:\Users\chutrunganh\AppData\Local\Programs\MiKTeX\tex/generic/infwarerr\infwa
rerr.sty
Package: infwarerr 2019/12/03 v1.5 Providing info/warning/error messages (HO)
)
Package pdftexcmds Info: \pdf@primitive is available.
Package pdftexcmds Info: \pdf@ifprimitive is available.
Package pdftexcmds Info: \pdfdraftmode found.
)
(C:\Users\chutrunganh\AppData\Local\Programs\MiKTeX\tex/latex/logreq\logreq.sty
Package: logreq 2010/08/04 v1.0 xml request logger
\lrq@indent=\count385

(C:\Users\chutrunganh\AppData\Local\Programs\MiKTeX\tex/latex/logreq\logreq.def
File: logreq.def 2010/08/04 v1.0 logreq spec v1.0
))
\c@tabx@nest=\count386
\c@listtotal=\count387
\c@listcount=\count388
\c@liststart=\count389
\c@liststop=\count390
\c@citecount=\count391
\c@citetotal=\count392
\c@multicitecount=\count393
\c@multicitetotal=\count394
\c@instcount=\count395
\c@maxnames=\count396
\c@minnames=\count397
\c@maxitems=\count398
\c@minitems=\count399
\c@citecounter=\count400
\c@maxcitecounter=\count401
\c@savedcitecounter=\count402
\c@uniquelist=\count403
\c@uniquename=\count404
\c@refsection=\count405
\c@refsegment=\count406
\c@maxextratitle=\count407
\c@maxextratitleyear=\count408
\c@maxextraname=\count409
\c@maxextradate=\count410
\c@maxextraalpha=\count411
\c@abbrvpenalty=\count412
\c@highnamepenalty=\count413
\c@lownamepenalty=\count414
\c@maxparens=\count415
\c@parenlevel=\count416
\blx@tempcnta=\count417
\blx@tempcntb=\count418
\blx@tempcntc=\count419
\c@blx@maxsection=\count420
\blx@maxsegment@0=\count421
\blx@notetype=\count422
\blx@parenlevel@text=\count423
\blx@parenlevel@foot=\count424
\blx@sectionciteorder@0=\count425
\blx@sectionciteorderinternal@0=\count426
\blx@entrysetcounter=\count427
\blx@biblioinstance=\count428
\labelnumberwidth=\skip111
\labelalphawidth=\skip112
\biblabelsep=\skip113
\bibitemsep=\skip114
\bibnamesep=\skip115
\bibinitsep=\skip116
\bibparsep=\skip117
\bibhang=\skip118
\blx@bcfin=\read4
\blx@bcfout=\write4
\blx@langwohyphens=\language81
\c@mincomprange=\count429
\c@maxcomprange=\count430
\c@mincompwidth=\count431
Package biblatex Info: Trying to load biblatex default data model...
Package biblatex Info: ... file 'blx-dm.def' found.

(C:\Users\chutrunganh\AppData\Local\Programs\MiKTeX\tex/latex/biblatex\blx-dm.d
ef
File: blx-dm.def 2025/07/10 v3.21 biblatex datamodel (PK/MW)
)
Package biblatex Info: Trying to load biblatex style data model...
Package biblatex Info: ... file 'ieee.dbx' not found.
Package biblatex Info: Trying to load biblatex custom data model...
Package biblatex Info: ... file 'biblatex-dm.cfg' not found.
\c@afterword=\count432
\c@savedafterword=\count433
\c@annotator=\count434
\c@savedannotator=\count435
\c@author=\count436
\c@savedauthor=\count437
\c@bookauthor=\count438
\c@savedbookauthor=\count439
\c@commentator=\count440
\c@savedcommentator=\count441
\c@editor=\count442
\c@savededitor=\count443
\c@editora=\count444
\c@savededitora=\count445
\c@editorb=\count446
\c@savededitorb=\count447
\c@editorc=\count448
\c@savededitorc=\count449
\c@foreword=\count450
\c@savedforeword=\count451
\c@holder=\count452
\c@savedholder=\count453
\c@introduction=\count454
\c@savedintroduction=\count455
\c@namea=\count456
\c@savednamea=\count457
\c@nameb=\count458
\c@savednameb=\count459
\c@namec=\count460
\c@savednamec=\count461
\c@translator=\count462
\c@savedtranslator=\count463
\c@shortauthor=\count464
\c@savedshortauthor=\count465
\c@shorteditor=\count466
\c@savedshorteditor=\count467
\c@labelname=\count468
\c@savedlabelname=\count469
\c@institution=\count470
\c@savedinstitution=\count471
\c@lista=\count472
\c@savedlista=\count473
\c@listb=\count474
\c@savedlistb=\count475
\c@listc=\count476
\c@savedlistc=\count477
\c@listd=\count478
\c@savedlistd=\count479
\c@liste=\count480
\c@savedliste=\count481
\c@listf=\count482
\c@savedlistf=\count483
\c@location=\count484
\c@savedlocation=\count485
\c@organization=\count486
\c@savedorganization=\count487
\c@origlocation=\count488
\c@savedoriglocation=\count489
\c@origpublisher=\count490
\c@savedorigpublisher=\count491
\c@publisher=\count492
\c@savedpublisher=\count493
\c@language=\count494
\c@savedlanguage=\count495
\c@origlanguage=\count496
\c@savedoriglanguage=\count497
\c@pageref=\count498
\c@savedpageref=\count499
\shorthandwidth=\skip119
\shortjournalwidth=\skip120
\shortserieswidth=\skip121
\shorttitlewidth=\skip122
\shortauthorwidth=\skip123
\shorteditorwidth=\skip124
\locallabelnumberwidth=\skip125
\locallabelalphawidth=\skip126
\localshorthandwidth=\skip127
\localshortjournalwidth=\skip128
\localshortserieswidth=\skip129
\localshorttitlewidth=\skip130
\localshortauthorwidth=\skip131
\localshorteditorwidth=\skip132
Package biblatex Info: Trying to load compatibility code...
Package biblatex Info: ... file 'blx-compat.def' found.

(C:\Users\chutrunganh\AppData\Local\Programs\MiKTeX\tex/latex/biblatex\blx-comp
at.def
File: blx-compat.def 2025/07/10 v3.21 biblatex compatibility (PK/MW)
)
Package biblatex Info: Trying to load BibTeX backend compatibility...
Package biblatex Info: ... file 'blx-bibtex.def' found.

(C:\Users\chutrunganh\AppData\Local\Programs\MiKTeX\tex/latex/biblatex\blx-bibt
ex.def
File: blx-bibtex.def 2025/07/10 v3.21 biblatex compatibility (PK/MW)


Package biblatex Warning: Using fall-back bibtex backend:
(biblatex)                functionality may be reduced/unavailable.

)
Package biblatex Info: Trying to load generic definitions...
Package biblatex Info: ... file 'biblatex.def' found.

(C:\Users\chutrunganh\AppData\Local\Programs\MiKTeX\tex/latex/biblatex\biblatex
.def
File: biblatex.def 2025/07/10 v3.21 biblatex compatibility (PK/MW)
\c@textcitecount=\count500
\c@textcitetotal=\count501
\c@textcitemaxnames=\count502
\c@biburlbigbreakpenalty=\count503
\c@biburlbreakpenalty=\count504
\c@biburlnumpenalty=\count505
\c@biburlucpenalty=\count506
\c@biburllcpenalty=\count507
\biburlbigskip=\muskip19
\biburlnumskip=\muskip20
\biburlucskip=\muskip21
\biburllcskip=\muskip22
\c@smartand=\count508
)
Package biblatex Info: Trying to load bibliography style 'ieee'...
Package biblatex Info: ... file 'ieee.bbx' found.

(C:\Users\chutrunganh\AppData\Local\Programs\MiKTeX\tex/latex/biblatex-ieee\iee
e.bbx
File: ieee.bbx 2025-08-01 v1.4f biblatex bibliography style
Package biblatex Info: Trying to load bibliography style 'numeric-comp'...
Package biblatex Info: ... file 'numeric-comp.bbx' found.

(C:\Users\chutrunganh\AppData\Local\Programs\MiKTeX\tex/latex/biblatex/bbx\nume
ric-comp.bbx
File: numeric-comp.bbx 2025/07/10 v3.21 biblatex bibliography style (PK/MW)
Package biblatex Info: Trying to load bibliography style 'numeric'...
Package biblatex Info: ... file 'numeric.bbx' found.

(C:\Users\chutrunganh\AppData\Local\Programs\MiKTeX\tex/latex/biblatex/bbx\nume
ric.bbx
File: numeric.bbx 2025/07/10 v3.21 biblatex bibliography style (PK/MW)
Package biblatex Info: Trying to load bibliography style 'standard'...
Package biblatex Info: ... file 'standard.bbx' found.

(C:\Users\chutrunganh\AppData\Local\Programs\MiKTeX\tex/latex/biblatex/bbx\stan
dard.bbx
File: standard.bbx 2025/07/10 v3.21 biblatex bibliography style (PK/MW)
\c@bbx:relatedcount=\count509
\c@bbx:relatedtotal=\count510
))))
Package biblatex Info: Trying to load citation style 'ieee'...
Package biblatex Info: ... file 'ieee.cbx' found.

(C:\Users\chutrunganh\AppData\Local\Programs\MiKTeX\tex/latex/biblatex-ieee\iee
e.cbx
File: ieee.cbx 2025-08-01 v1.4f biblatex citation style
Package biblatex Info: Trying to load citation style 'numeric-verb'...
Package biblatex Info: ... file 'numeric-verb.cbx' found.

(C:\Users\chutrunganh\AppData\Local\Programs\MiKTeX\tex/latex/biblatex/cbx\nume
ric-verb.cbx
File: numeric-verb.cbx 2025/07/10 v3.21 biblatex citation style (PK/MW)
Package biblatex Info: Redefining '\cite'.
Package biblatex Info: Redefining '\parencite'.
Package biblatex Info: Redefining '\footcite'.
Package biblatex Info: Redefining '\footcitetext'.
Package biblatex Info: Redefining '\smartcite'.
Package biblatex Info: Redefining '\textcite'.
Package biblatex Info: Redefining '\supercite'.
Package biblatex Info: Redefining '\parencites'.
Package biblatex Info: Redefining '\smartcites'.
Package biblatex Info: Redefining '\textcites'.
))
Package biblatex Info: Trying to load configuration file...
Package biblatex Info: ... file 'biblatex.cfg' found.

(C:\Users\chutrunganh\AppData\Local\Programs\MiKTeX\tex/latex/biblatex\biblatex
.cfg
File: biblatex.cfg 
)
Package biblatex Info: Input encoding 'utf8' detected.
Package biblatex Info: Document encoding is UTF8 ....

(C:\Users\chutrunganh\AppData\Local\Programs\MiKTeX\tex/latex/l3kernel\expl3.st
y
Package: expl3 2025-12-24 L3 programming layer (loader) 

(C:\Users\chutrunganh\AppData\Local\Programs\MiKTeX\tex/latex/l3backend\l3backe
nd-pdftex.def
File: l3backend-pdftex.def 2025-10-09 L3 backend support: PDF output (pdfTeX)
\l__color_backend_stack_int=\count511
))
Package biblatex Info: ... and expl3
(biblatex)             2025-12-24 L3 programming layer (loader) 
(biblatex)             is new enough (at least 2020/04/06),
(biblatex)             setting 'casechanger=expl3'.

(C:\Users\chutrunganh\AppData\Local\Programs\MiKTeX\tex/latex/biblatex\blx-case
-expl3.sty
(C:\Users\chutrunganh\AppData\Local\Programs\MiKTeX\tex/latex/l3packages/xparse
\xparse.sty
Package: xparse 2025-10-09 L3 Experimental document command parser
)
Package: blx-case-expl3 2025/07/10 v3.21 expl3 case changing code for biblatex
))

LaTeX Warning: \include should only be used after \begin{document} on input lin
e 60.

No file lstlisting.
(../glossary.tex)
(C:\Users\chutrunganh\AppData\Local\Programs\MiKTeX\tex/latex/hyperref\hyperref
.sty
Package: hyperref 2025-07-12 v7.01o Hypertext links for LaTeX

(C:\Users\chutrunganh\AppData\Local\Programs\MiKTeX\tex/generic/kvdefinekeys\kv
definekeys.sty
Package: kvdefinekeys 2019-12-19 v1.6 Define keys (HO)
)
(C:\Users\chutrunganh\AppData\Local\Programs\MiKTeX\tex/generic/pdfescape\pdfes
cape.sty
Package: pdfescape 2019/12/09 v1.15 Implements pdfTeX's escape features (HO)
)
(C:\Users\chutrunganh\AppData\Local\Programs\MiKTeX\tex/latex/hycolor\hycolor.s
ty
Package: hycolor 2020-01-27 v1.10 Color options for hyperref/bookmark (HO)
)
(C:\Users\chutrunganh\AppData\Local\Programs\MiKTeX\tex/latex/hyperref\nameref.
sty
Package: nameref 2025-06-21 v2.57 Cross-referencing by name of section

(C:\Users\chutrunganh\AppData\Local\Programs\MiKTeX\tex/latex/refcount\refcount
.sty
Package: refcount 2019/12/15 v3.6 Data extraction from label references (HO)
)
(C:\Users\chutrunganh\AppData\Local\Programs\MiKTeX\tex/generic/gettitlestring\
gettitlestring.sty
Package: gettitlestring 2019/12/15 v1.6 Cleanup title references (HO)
)
\c@section@level=\count512
)
(C:\Users\chutrunganh\AppData\Local\Programs\MiKTeX\tex/generic/stringenc\strin
genc.sty
Package: stringenc 2019/11/29 v1.12 Convert strings between diff. encodings (HO
)
)
\@linkdim=\dimen280
\Hy@linkcounter=\count513
\Hy@pagecounter=\count514

(C:\Users\chutrunganh\AppData\Local\Programs\MiKTeX\tex/latex/hyperref\pd1enc.d
ef
File: pd1enc.def 2025-07-12 v7.01o Hyperref: PDFDocEncoding definition (HO)
Now handling font encoding PD1 ...
... no UTF-8 mapping file for font encoding PD1
)
(C:\Users\chutrunganh\AppData\Local\Programs\MiKTeX\tex/generic/intcalc\intcalc
.sty
Package: intcalc 2019/12/15 v1.3 Expandable calculations with integers (HO)
)
\Hy@SavedSpaceFactor=\count515

(C:\Users\chutrunganh\AppData\Local\Programs\MiKTeX\tex/latex/hyperref\puenc.de
f
File: puenc.def 2025-07-12 v7.01o Hyperref: PDF Unicode definition (HO)
Now handling font encoding PU ...
... no UTF-8 mapping file for font encoding PU
)
Package hyperref Info: Hyper figures OFF on input line 4195.
Package hyperref Info: Link nesting OFF on input line 4200.
Package hyperref Info: Hyper index ON on input line 4203.
Package hyperref Info: Plain pages OFF on input line 4210.
Package hyperref Info: Backreferencing OFF on input line 4215.
Package hyperref Info: Implicit mode ON; LaTeX internals redefined.
Package hyperref Info: Bookmarks ON on input line 4462.
\c@Hy@tempcnt=\count516
LaTeX Info: Redefining \url on input line 4801.
\XeTeXLinkMargin=\dimen281

(C:\Users\chutrunganh\AppData\Local\Programs\MiKTeX\tex/generic/bitset\bitset.s
ty
Package: bitset 2019/12/09 v1.3 Handle bit-vector datatype (HO)

(C:\Users\chutrunganh\AppData\Local\Programs\MiKTeX\tex/generic/bigintcalc\bigi
ntcalc.sty
Package: bigintcalc 2019/12/15 v1.5 Expandable calculations on big integers (HO
)
))
\Fld@menulength=\count517
\Field@Width=\dimen282
\Fld@charsize=\dimen283
Package hyperref Info: Hyper figures OFF on input line 6078.
Package hyperref Info: Link nesting OFF on input line 6083.
Package hyperref Info: Hyper index ON on input line 6086.
Package hyperref Info: backreferencing OFF on input line 6093.
Package hyperref Info: Link coloring OFF on input line 6098.
Package hyperref Info: Link coloring with OCG OFF on input line 6103.
Package hyperref Info: PDF/A mode OFF on input line 6108.
\Hy@abspage=\count518
\c@Item=\count519
\c@Hfootnote=\count520
)
Package hyperref Info: Driver (autodetected): hpdftex.

(C:\Users\chutrunganh\AppData\Local\Programs\MiKTeX\tex/latex/hyperref\hpdftex.
def
File: hpdftex.def 2025-07-12 v7.01o Hyperref driver for pdfTeX
\Fld@listcount=\count521
\c@bookmark@seq@number=\count522

(C:\Users\chutrunganh\AppData\Local\Programs\MiKTeX\tex/latex/rerunfilecheck\re
runfilecheck.sty
Package: rerunfilecheck 2025-06-21 v1.11 Rerun checks for auxiliary files (HO)

(C:\Users\chutrunganh\AppData\Local\Programs\MiKTeX\tex/generic/uniquecounter\u
niquecounter.sty
Package: uniquecounter 2019/12/15 v1.4 Provide unlimited unique counter (HO)
)
Package uniquecounter Info: New unique counter `rerunfilecheck' on input line 2
84.
)
\Hy@SectionHShift=\skip133
)
(C:\Users\chutrunganh\AppData\Local\Programs\MiKTeX\tex/latex/hypcap\hypcap.sty
Package: hypcap 2024-07-26 v1.13 Adjusting the anchors of captions (HO)

(C:\Users\chutrunganh\AppData\Local\Programs\MiKTeX\tex/latex/letltxmacro\letlt
xmacro.sty
Package: letltxmacro 2019/12/03 v1.6 Let assignment for LaTeX macros (HO)
))
\c@example=\count523
))
Package csquotes Info: Checking for multilingual support...
Package csquotes Info: ... found 'babel' package.
Package csquotes Info: Adjusting default style.


Package csquotes Warning: No style for language 'nil'.
(csquotes)                Using fallback style on input line 2.

Package csquotes Info: Redefining alias 'default' -> 'fallback'.
LaTeX Font Info:    Trying to load font information for T5+ptm on input line 2.

(C:\Users\chutrunganh\AppData\Local\Programs\MiKTeX\tex/latex/vntex\t5ptm.fd
File: t5utm.fd 2005/08/24 Fontinst v1.929 font definitions for T5/ptm.
)

LaTeX Warning: Unused global option(s):
    [13pt,3p].

(4_Theoretical_Analysis.aux)
\openout1 = `4_Theoretical_Analysis.aux'.

LaTeX Font Info:    Checking defaults for OML/cmm/m/it on input line 2.
LaTeX Font Info:    ... okay on input line 2.
LaTeX Font Info:    Checking defaults for OMS/cmsy/m/n on input line 2.
LaTeX Font Info:    ... okay on input line 2.
LaTeX Font Info:    Checking defaults for OT1/cmr/m/n on input line 2.
LaTeX Font Info:    ... okay on input line 2.
LaTeX Font Info:    Checking defaults for T1/cmr/m/n on input line 2.
LaTeX Font Info:    ... okay on input line 2.
LaTeX Font Info:    Checking defaults for TS1/cmr/m/n on input line 2.
LaTeX Font Info:    ... okay on input line 2.
LaTeX Font Info:    Checking defaults for OMX/cmex/m/n on input line 2.
LaTeX Font Info:    ... okay on input line 2.
LaTeX Font Info:    Checking defaults for U/cmr/m/n on input line 2.
LaTeX Font Info:    ... okay on input line 2.
LaTeX Font Info:    Checking defaults for T5/cmr/m/n on input line 2.
LaTeX Font Info:    ... okay on input line 2.
LaTeX Font Info:    Checking defaults for PD1/pdf/m/n on input line 2.
LaTeX Font Info:    ... okay on input line 2.
LaTeX Font Info:    Checking defaults for PU/pdf/m/n on input line 2.
LaTeX Font Info:    ... okay on input line 2.

*geometry* driver: auto-detecting
*geometry* detected driver: pdftex
*geometry* verbose mode - [ preamble ] result:
* driver: pdftex
* paper: a4paper
* layout: <same size as paper>
* layoutoffset:(h,v)=(0.0pt,0.0pt)
* modes: twoside 
* h-part:(L,W,R)=(99.58464pt, 426.79135pt, 71.13188pt)
* v-part:(T,H,B)=(56.9055pt, 731.23584pt, 56.9055pt)
* \paperwidth=597.50787pt
* \paperheight=845.04684pt
* \textwidth=426.79135pt
* \textheight=731.23584pt
* \oddsidemargin=27.31465pt
* \evensidemargin=-1.1381pt
* \topmargin=-52.36449pt
* \headheight=10.0pt
* \headsep=25.0pt
* \topskip=10.0pt
* \footskip=30.0pt
* \marginparwidth=111.0pt
* \marginparsep=11.0pt
* \columnsep=10.0pt
* \skip\footins=11.69997pt plus 5.19942pt minus 2.60054pt
* \hoffset=0.0pt
* \voffset=0.0pt
* \mag=1000
* \@twocolumnfalse
* \@twosidetrue
* \@mparswitchtrue
* \@reversemarginfalse
* (1in=72.27pt=25.4mm, 1cm=28.453pt)


(C:\Users\chutrunganh\AppData\Local\Programs\MiKTeX\tex/context/base/mkii\supp-
pdf.mkii
[Loading MPS to PDF converter (version 2006.09.02).]
\scratchcounter=\count524
\scratchdimen=\dimen284
\scratchbox=\box83
\nofMPsegments=\count525
\nofMParguments=\count526
\everyMPshowfont=\toks56
\MPscratchCnt=\count527
\MPscratchDim=\dimen285
\MPnumerator=\count528
\makeMPintoPDFobject=\count529
\everyMPtoPDFconversion=\toks57
)
(C:\Users\chutrunganh\AppData\Local\Programs\MiKTeX\tex/latex/epstopdf-pkg\epst
opdf-base.sty
Package: epstopdf-base 2020-01-24 v2.11 Base part for package epstopdf

(C:\Users\chutrunganh\AppData\Local\Programs\MiKTeX\tex/latex/grfext\grfext.sty
Package: grfext 2019/12/03 v1.3 Manage graphics extensions (HO)
)
Package epstopdf-base Info: Redefining graphics rule for `.eps' on input line 4
85.
Package grfext Info: Graphics extension search list:
(grfext)             [.pdf,.png,.jpg,.mps,.jpeg,.jbig2,.jb2,.PDF,.PNG,.JPG,.JPE
G,.JBIG2,.JB2,.eps]
(grfext)             \AppendGraphicsExtensions on input line 504.

(C:\Users\chutrunganh\AppData\Local\Programs\MiKTeX\tex/latex/00miktex\epstopdf
-sys.cfg
File: epstopdf-sys.cfg 2021/03/18 v2.0 Configuration of epstopdf for MiKTeX
))
Package caption Info: Begin \AtBeginDocument code.
Package caption Info: float package is loaded.
Package caption Info: hyperref package is loaded.
Package caption Info: hypcap package is loaded.
Package caption Info: listings package is loaded.
Package caption Info: longtable package is loaded.

(C:\Users\chutrunganh\AppData\Local\Programs\MiKTeX\tex/latex/caption\ltcaption
.sty
Package: ltcaption 2021/01/08 v1.4c longtable captions (AR)
)
Package caption Info: supertabular package is loaded.
Package caption Info: End \AtBeginDocument code.
\c@lstlisting=\count530
Package tocbasic Info: setting babel extension for `lol' on input line 2.
Package biblatex Info: Trying to load language 'nil'...
Package biblatex Info: ... file 'nil.lbx' not found.


Package biblatex Warning: Language 'nil' not supported.
(biblatex)                Using dummy definitions on input line 2.

Package biblatex Info: Input encoding 'utf8' detected.
Package biblatex Info: Automatic encoding selection.
(biblatex)             Assuming data encoding 'utf8'.
Package biblatex Info: Input encoding 'utf8' detected.
Package biblatex Info: Data encoding 'utf8' specified.
(biblatex)             No need to reencode data.
\openout4 = `4_Theoretical_Analysis-blx.bib'.

Package biblatex Info: Trying to load bibliographic data...
Package biblatex Info: ... file '4_Theoretical_Analysis.bbl' not found.
No file 4_Theoretical_Analysis.bbl.
Package biblatex Info: Reference section=0 on input line 2.
Package biblatex Info: Reference segment=0 on input line 2.
Package hyperref Info: Link coloring OFF on input line 2.
(4_Theoretical_Analysis.out) (4_Theoretical_Analysis.out)
\@outlinefile=\write5
\openout5 = `4_Theoretical_Analysis.out'.



LaTeX Warning: Reference `sec:attack-scenarios' on page 1 undefined on input li
ne 7.

LaTeX Font Info:    Trying to load font information for T5+pcr on input line 9.

(C:\Users\chutrunganh\AppData\Local\Programs\MiKTeX\tex/latex/vntex\t5pcr.fd
File: t5ucr.fd 2005/08/24 Fontinst v1.929 font definitions for T5/pcr.
)
LaTeX Font Info:    Calculating math sizes for size <13> on input line 14.


LaTeX Font Warning: Font shape `OT1/cmr/m/n' in size <6.5> not available
(Font)              size <6> substituted on input line 14.


LaTeX Font Warning: Font shape `OML/cmm/m/it' in size <13> not available
(Font)              size <12> substituted on input line 14.


LaTeX Font Warning: Font shape `OML/cmm/m/it' in size <6.5> not available
(Font)              size <6> substituted on input line 14.


LaTeX Font Warning: Font shape `OMS/cmsy/m/n' in size <13> not available
(Font)              size <12> substituted on input line 14.


LaTeX Font Warning: Font shape `OMS/cmsy/m/n' in size <6.5> not available
(Font)              size <6> substituted on input line 14.

LaTeX Font Info:    Trying to load font information for U+lasy on input line 14
.
(C:\Users\chutrunganh\AppData\Local\Programs\MiKTeX\tex/latex/base\ulasy.fd
File: ulasy.fd 1998/08/17 v2.2e LaTeX symbol font definitions
)

LaTeX Font Warning: Font shape `U/lasy/m/n' in size <13> not available
(Font)              size <12> substituted on input line 14.


LaTeX Font Warning: Font shape `U/lasy/m/n' in size <6.5> not available
(Font)              size <6> substituted on input line 14.

LaTeX Font Info:    Trying to load font information for U+msa on input line 14.

(C:\Users\chutrunganh\AppData\Local\Programs\MiKTeX\tex/latex/amsfonts\umsa.fd
File: umsa.fd 2013/01/14 v3.01 AMS symbols A
)
LaTeX Font Info:    Trying to load font information for U+msb on input line 14.

(C:\Users\chutrunganh\AppData\Local\Programs\MiKTeX\tex/latex/amsfonts\umsb.fd
File: umsb.fd 2013/01/14 v3.01 AMS symbols B
)

LaTeX Warning: Reference `sec:reconnaissance' on page 1 undefined on input line
 47.


Overfull \hbox (6.50885pt too wide) in paragraph at lines 47--48
[]\T5/ptm/m/n/13 C«n ců Möc []: qu˛t TCP/102 (Nmap \T5/pcr/m/n/13 s7-info\T5/pt
m/m/n/13 ), ^^_ĺc SZL (\T5/pcr/m/n/13 0x0011\T5/ptm/m/n/13 , \T5/pcr/m/n/13 0x0
01c\T5/ptm/m/n/13 ),
 []


Overfull \hbox (91.64386pt too wide) in paragraph at lines 57--57
[]\T5/pcr/m/n/10.83347 alert tcp any any -> $HOME_NET 102 (msg:"ICS S7COMM Setu
p Communication to PLC";[] 
 []


Overfull \hbox (2.88525pt too wide) in paragraph at lines 57--57
[]  \T5/pcr/m/n/10.83347 flow:to_server,established; content:"|03 00|"; offset:
0; depth:2;[] 
 []

[1

{C:/Users/chutrunganh/AppData/Local/MiKTeX/fonts/map/pdftex/pdftex.map}{C:/User
s/chutrunganh/AppData/Local/Programs/MiKTeX/fonts/enc/dvips/vntex/t5.enc}]
Overfull \hbox (96.43222pt too wide) in paragraph at lines 57--57
[]  \T5/pcr/m/n/10.83347 metadata:service iso-tsap, protocol s7comm, attack rec
onnaissance; priority:3;)[] 
 []


Overfull \hbox (15.09163pt too wide) in paragraph at lines 60--62
\T5/ptm/b/n/13 PhĄn t˝ch. \T5/ptm/m/n/13 Khîp Job (\T5/pcr/m/n/13 ROSCTR=0x01\T
5/ptm/m/n/13 ) vîi function \T5/pcr/m/n/13 0xf0 \T5/ptm/m/n/13 (Setup Communica
tion)---
 []


Overfull \hbox (27.88367pt too wide) in paragraph at lines 60--62
\T5/ptm/m/n/13 b÷îc b­t buëc tr÷îc mĺi thao tˇc S7comm trong cˇc kŕch bŁn Ch÷ěn
g 3. \T5/pcr/m/n/13 sid:1000001
 []


Overfull \hbox (27.5206pt too wide) in paragraph at lines 71--71
[]\T5/pcr/m/n/10.83347 alert tcp any any -> $HOME_NET 102 (msg:"ICS S7COMM Read
 SZL request -
 []


Overfull \hbox (50.41167pt too wide) in paragraph at lines 71--71
[]  \T5/pcr/m/n/10.83347 information enumeration"; flow:to_server,established; 
content:"|03 00|";[] 
 []


Overfull \hbox (2.09439pt too wide) in paragraph at lines 71--71
[]  \T5/pcr/m/n/10.83347 offset:0; depth:2; content:"|02 F0 80 32 07|"; offset:
4; depth:5;[] 
 []


Overfull \hbox (75.01445pt too wide) in paragraph at lines 71--71
[]  \T5/pcr/m/n/10.83347 content:"|00 01 12 04 11 44 01 00|"; offset:17; depth:
8; sid:1000002; rev:1;[] 
 []


Overfull \hbox (96.43222pt too wide) in paragraph at lines 71--71
[]  \T5/pcr/m/n/10.83347 metadata:service iso-tsap, protocol s7comm, attack rec
onnaissance; priority:2;)[] 
 []


Overfull \hbox (10.58072pt too wide) in paragraph at lines 74--76
\T5/ptm/b/n/13 PhĄn t˝ch. \T5/pcr/m/n/13 ROSCTR=0x07 \T5/ptm/m/n/13 (Userdata) 
v  m¨u \T5/pcr/m/n/13 |00 01 12 04 11 44 01 00|
 []


Overfull \hbox (104.94734pt too wide) in paragraph at lines 86--86
[]\T5/pcr/m/n/10.83347 alert tcp any any -> $HOME_NET 102 (msg:"ICS S7COMM Read
 SZL module identification[] 
 []


Overfull \hbox (61.38594pt too wide) in paragraph at lines 86--86
[]  \T5/pcr/m/n/10.83347 0x0011"; flow:to_server,established; content:"|03 00|"
; offset:0; depth:2;[] 
 []


Overfull \hbox (18.63716pt too wide) in paragraph at lines 86--86
[]  \T5/pcr/m/n/10.83347 content:"|00 11 00 01|"; distance:0; within:12; sid:10
00003; rev:1;[] 
 []


Overfull \hbox (96.43222pt too wide) in paragraph at lines 86--86
[]  \T5/pcr/m/n/10.83347 metadata:service iso-tsap, protocol s7comm, attack rec
onnaissance; priority:2;)[] 
 []


Overfull \hbox (98.47977pt too wide) in paragraph at lines 101--101
[]\T5/pcr/m/n/10.83347 alert tcp any any -> $HOME_NET 102 (msg:"ICS S7COMM Read
 SZL communication status[] 
 []


Overfull \hbox (61.38594pt too wide) in paragraph at lines 101--101
[]  \T5/pcr/m/n/10.83347 0x001c"; flow:to_server,established; content:"|03 00|"
; offset:0; depth:2;[] 
 []


Overfull \hbox (18.63716pt too wide) in paragraph at lines 101--101
[]  \T5/pcr/m/n/10.83347 content:"|00 1C 00 00|"; distance:0; within:12; sid:10
00004; rev:1;[] 
 []


Overfull \hbox (96.43222pt too wide) in paragraph at lines 101--101
[]  \T5/pcr/m/n/10.83347 metadata:service iso-tsap, protocol s7comm, attack rec
onnaissance; priority:2;)[] 
 []

[2]
Overfull \hbox (46.84749pt too wide) in paragraph at lines 115--115
[]\T5/pcr/m/n/10.83347 alert tcp any any -> $HOME_NET 102 (msg:"ICS S7COMM List
 Blocks request -
 []


Overfull \hbox (37.07568pt too wide) in paragraph at lines 115--115
[]  \T5/pcr/m/n/10.83347 inventory enumeration"; flow:to_server,established; co
ntent:"|03 00|";[] 
 []


Overfull \hbox (2.09439pt too wide) in paragraph at lines 115--115
[]  \T5/pcr/m/n/10.83347 offset:0; depth:2; content:"|02 F0 80 32 07|"; offset:
4; depth:5;[] 
 []


Overfull \hbox (75.01445pt too wide) in paragraph at lines 115--115
[]  \T5/pcr/m/n/10.83347 content:"|00 01 12 04 11 13 01 00|"; offset:17; depth:
8; sid:1000005; rev:1;[] 
 []


Overfull \hbox (96.43222pt too wide) in paragraph at lines 115--115
[]  \T5/pcr/m/n/10.83347 metadata:service iso-tsap, protocol s7comm, attack rec
onnaissance; priority:2;)[] 
 []


Overfull \hbox (22.05965pt too wide) in paragraph at lines 118--120
\T5/ptm/b/n/13 PhĄn t˝ch. \T5/ptm/m/n/13 M¨u \T5/pcr/m/n/13 |00 01 12 04 11 13 
01 00|\T5/ptm/m/n/13 : function group Block functions,
 []


Overfull \hbox (3.69061pt too wide) in paragraph at lines 118--120
\T5/ptm/m/n/13 subfunction List blocks. T÷ěng ůng \T5/pcr/m/n/13 scanBlock.py \
T5/ptm/m/n/13 (\T5/pcr/m/n/13 .list_blocks()\T5/ptm/m/n/13 ). ^^^ˇnh
 []


LaTeX Warning: Reference `sec:start_stop_plc' on page 3 undefined on input line
 124.


Overfull \hbox (46.67416pt too wide) in paragraph at lines 134--134
[]\T5/pcr/m/n/10.83347 alert tcp any any -> $HOME_NET 102 (msg:"ICS S7COMM PLC 
Control command";[] 
 []


Overfull \hbox (2.88525pt too wide) in paragraph at lines 134--134
[]  \T5/pcr/m/n/10.83347 flow:to_server,established; content:"|03 00|"; offset:
0; depth:2;[] 
 []


Overfull \hbox (76.85616pt too wide) in paragraph at lines 134--134
[]  \T5/pcr/m/n/10.83347 metadata:service iso-tsap, protocol s7comm, attack plc
_control; priority:1;)[] 
 []


Overfull \hbox (104.1998pt too wide) in paragraph at lines 149--149
[]\T5/pcr/m/n/10.83347 alert tcp any any -> $HOME_NET 102 (msg:"ICS S7COMM repl
ayed Start CPU P_PROGRAM";[] 
 []


Overfull \hbox (2.88525pt too wide) in paragraph at lines 149--149
[]  \T5/pcr/m/n/10.83347 flow:to_server,established; content:"|03 00|"; offset:
0; depth:2;[] 
 []


Overfull \hbox (114.00406pt too wide) in paragraph at lines 149--149
[]  \T5/pcr/m/n/10.83347 metadata:service iso-tsap, protocol s7comm, attack sta
rt_stop_replay; priority:1;)[] 
 []


Overfull \hbox (26.76227pt too wide) in paragraph at lines 163--163
[]\T5/pcr/m/n/10.83347 alert tcp any any -> $HOME_NET 102 (msg:"ICS S7COMM PLC 
Stop command";[] 
 []


Overfull \hbox (2.88525pt too wide) in paragraph at lines 163--163
[]  \T5/pcr/m/n/10.83347 flow:to_server,established; content:"|03 00|"; offset:
0; depth:2;[] 
 []

[3]
Overfull \hbox (56.99843pt too wide) in paragraph at lines 163--163
[]  \T5/pcr/m/n/10.83347 metadata:service iso-tsap, protocol s7comm, attack plc
_stop; priority:1;)[] 
 []


Overfull \hbox (97.30974pt too wide) in paragraph at lines 178--178
[]\T5/pcr/m/n/10.83347 alert tcp any any -> $HOME_NET 102 (msg:"ICS S7COMM repl
ayed Stop CPU P_PROGRAM";[] 
 []


Overfull \hbox (2.88525pt too wide) in paragraph at lines 178--178
[]  \T5/pcr/m/n/10.83347 flow:to_server,established; content:"|03 00|"; offset:
0; depth:2;[] 
 []


Overfull \hbox (114.00406pt too wide) in paragraph at lines 178--178
[]  \T5/pcr/m/n/10.83347 metadata:service iso-tsap, protocol s7comm, attack sta
rt_stop_replay; priority:1;)[] 
 []


LaTeX Warning: Reference `sec:down_up_program' on page 4 undefined on input lin
e 187.


Overfull \hbox (111.44742pt too wide) in paragraph at lines 197--197
[]\T5/pcr/m/n/10.83347 alert tcp any any -> $HOME_NET 102 (msg:"ICS S7COMM Requ
est Download block to PLC";[] 
 []


Overfull \hbox (2.88525pt too wide) in paragraph at lines 197--197
[]  \T5/pcr/m/n/10.83347 flow:to_server,established; content:"|03 00|"; offset:
0; depth:2;[] 
 []


Overfull \hbox (109.07486pt too wide) in paragraph at lines 197--197
[]  \T5/pcr/m/n/10.83347 metadata:service iso-tsap, protocol s7comm, attack pro
gram_download; priority:1;)[] 
 []


Overfull \hbox (131.18597pt too wide) in paragraph at lines 211--211
[]\T5/pcr/m/n/10.83347 alert tcp $HOME_NET 102 -> any any (msg:"ICS S7COMM PLC 
requests Download Block data";[] 
 []


Overfull \hbox (16.10207pt too wide) in paragraph at lines 211--211
[]  \T5/pcr/m/n/10.83347 flow:from_server,established; content:"|03 00|"; offse
t:0; depth:2;[] 
 []


Overfull \hbox (109.07486pt too wide) in paragraph at lines 211--211
[]  \T5/pcr/m/n/10.83347 metadata:service iso-tsap, protocol s7comm, attack pro
gram_download; priority:1;)[] 
 []


Overfull \hbox (118.12083pt too wide) in paragraph at lines 225--225
[]\T5/pcr/m/n/10.83347 alert tcp any any -> $HOME_NET 102 (msg:"ICS S7COMM clie
nt sends Download Block data[] 
 []


Overfull \hbox (60.84427pt too wide) in paragraph at lines 225--225
[]  \T5/pcr/m/n/10.83347 to PLC"; flow:to_server,established; content:"|03 00|"
; offset:0; depth:2;[] 
 []

[4]
Overfull \hbox (109.07486pt too wide) in paragraph at lines 225--225
[]  \T5/pcr/m/n/10.83347 metadata:service iso-tsap, protocol s7comm, attack pro
gram_download; priority:1;)[] 
 []


Overfull \hbox (14.43379pt too wide) in paragraph at lines 239--239
[]\T5/pcr/m/n/10.83347 alert tcp any any -> $HOME_NET 102 (msg:"ICS S7COMM Down
load Ended";[] 
 []


Overfull \hbox (2.88525pt too wide) in paragraph at lines 239--239
[]  \T5/pcr/m/n/10.83347 flow:to_server,established; content:"|03 00|"; offset:
0; depth:2;[] 
 []


Overfull \hbox (109.07486pt too wide) in paragraph at lines 239--239
[]  \T5/pcr/m/n/10.83347 metadata:service iso-tsap, protocol s7comm, attack pro
gram_download; priority:1;)[] 
 []


Overfull \hbox (98.34975pt too wide) in paragraph at lines 253--253
[]\T5/pcr/m/n/10.83347 alert tcp any any -> $HOME_NET 102 (msg:"ICS S7COMM Star
t Upload block from PLC";[] 
 []


Overfull \hbox (2.88525pt too wide) in paragraph at lines 253--253
[]  \T5/pcr/m/n/10.83347 flow:to_server,established; content:"|03 00|"; offset:
0; depth:2;[] 
 []


Overfull \hbox (96.13971pt too wide) in paragraph at lines 253--253
[]  \T5/pcr/m/n/10.83347 metadata:service iso-tsap, protocol s7comm, attack pro
gram_upload; priority:1;)[] 
 []


Overfull \hbox (53.5859pt too wide) in paragraph at lines 267--267
[]\T5/pcr/m/n/10.83347 alert tcp any any -> $HOME_NET 102 (msg:"ICS S7COMM Uplo
ad Block request";[] 
 []


Overfull \hbox (2.88525pt too wide) in paragraph at lines 267--267
[]  \T5/pcr/m/n/10.83347 flow:to_server,established; content:"|03 00|"; offset:
0; depth:2;[] 
 []


Overfull \hbox (96.13971pt too wide) in paragraph at lines 267--267
[]  \T5/pcr/m/n/10.83347 metadata:service iso-tsap, protocol s7comm, attack pro
gram_upload; priority:1;)[] 
 []


Overfull \hbox (2.88525pt too wide) in paragraph at lines 281--281
[]  \T5/pcr/m/n/10.83347 flow:to_server,established; content:"|03 00|"; offset:
0; depth:2;[] 
 []


Overfull \hbox (96.13971pt too wide) in paragraph at lines 281--281
[]  \T5/pcr/m/n/10.83347 metadata:service iso-tsap, protocol s7comm, attack pro
gram_upload; priority:1;)[] 
 []


LaTeX Warning: Reference `sec:stuxnet_mitm_sim' on page 5 undefined on input li
ne 290.

[5]
Overfull \hbox (77.47365pt too wide) in paragraph at lines 301--301
[]\T5/pcr/m/n/10.83347 alert tcp any any -> $HOME_NET 102 (msg:"ICS S7COMM Writ
e Var request to PLC";[] 
 []


Overfull \hbox (2.88525pt too wide) in paragraph at lines 301--301
[]  \T5/pcr/m/n/10.83347 flow:to_server,established; content:"|03 00|"; offset:
0; depth:2;[] 
 []


Overfull \hbox (71.47194pt too wide) in paragraph at lines 301--301
[]  \T5/pcr/m/n/10.83347 metadata:service iso-tsap, protocol s7comm, attack mod
ify_process_variable;[] 
 []


Overfull \hbox (115.96494pt too wide) in paragraph at lines 316--316
[]\T5/pcr/m/n/10.83347 alert tcp any any -> $HOME_NET 102 (msg:"ICS S7COMM Writ
e Var to DB1.DBW2 setpoint";[] 
 []


Overfull \hbox (2.88525pt too wide) in paragraph at lines 316--316
[]  \T5/pcr/m/n/10.83347 flow:to_server,established; content:"|03 00|"; offset:
0; depth:2;[] 
 []


Overfull \hbox (36.01399pt too wide) in paragraph at lines 316--316
[]  \T5/pcr/m/n/10.83347 content:"|00 01 84 00 00 10|"; offset:25; depth:6; sid
:1000011; rev:1;[] 
 []


Overfull \hbox (109.10736pt too wide) in paragraph at lines 316--316
[]  \T5/pcr/m/n/10.83347 metadata:service iso-tsap, protocol s7comm, attack stu
xnet_mitm_sim; priority:1;)[] 
 []


Overfull \hbox (148.46532pt too wide) in paragraph at lines 332--332
[]\T5/pcr/m/n/10.83347 alert tcp any any -> $HOME_NET 102 (msg:"ICS S7COMM Writ
e Var DB1.DBW2 setpoint to 2000";[] 
 []


Overfull \hbox (2.88525pt too wide) in paragraph at lines 332--332
[]  \T5/pcr/m/n/10.83347 flow:to_server,established; content:"|03 00|"; offset:
0; depth:2;[] 
 []


Overfull \hbox (36.01399pt too wide) in paragraph at lines 332--332
[]  \T5/pcr/m/n/10.83347 content:"|00 04 00 10 07 D0|"; offset:31; depth:6; sid
:1000012; rev:1;[] 
 []


Overfull \hbox (109.10736pt too wide) in paragraph at lines 332--332
[]  \T5/pcr/m/n/10.83347 metadata:service iso-tsap, protocol s7comm, attack stu
xnet_mitm_sim; priority:1;)[] 
 []


Overfull \hbox (163.7358pt too wide) in paragraph at lines 335--337
\T5/ptm/m/n/13 (2000). Khîp payload t§n cćng ghi setpoint trong lab. Chuéi \T5/
pcr/m/n/13 sid:1000010$\OMS/cmsy/m/n/12 !$\T5/pcr/m/n/13 sid:1000011$\OMS/cmsy/
m/n/12 !$\T5/pcr/m/n/13 sid:1000012
 []


Overfull \hbox (91.84969pt too wide) in paragraph at lines 347--347
[]\T5/pcr/m/n/10.83347 alert tcp any 102 -> $HOME_NET any (msg:"ICS S7COMM susp
icious Ack_Data response[] 
 []


Overfull \hbox (3.14526pt too wide) in paragraph at lines 347--347
[]  \T5/pcr/m/n/10.83347 content:"|03 00|"; offset:0; depth:2; content:"|02 F0 
80 32 03|";[] 
 []

[6]
Overfull \hbox (85.24127pt too wide) in paragraph at lines 347--347
[]  \T5/pcr/m/n/10.83347 metadata:service iso-tsap, protocol s7comm, attack pos
sible_mitm_observation;[] 
 []


Overfull \hbox (31.89731pt too wide) in paragraph at lines 347--347
[]  \T5/pcr/m/n/10.83347 threshold:type both, track by_src, count 60, seconds 1
0; priority:3;)[] 
 []


LaTeX Warning: Reference `sec:dos_plc' on page 7 undefined on input line 356.


LaTeX Warning: Reference `sec:malformed_plc' on page 7 undefined on input line 
356.

LaTeX Font Info:    Calculating math sizes for size <11.86258> on input line 36
6.
[7] (4_Theoretical_Analysis.aux)
 ***********
LaTeX2e <2025-11-01>
L3 programming layer <2025-12-24>
 ***********


LaTeX Font Warning: Size substitutions with differences
(Font)              up to 1.0pt have occurred.


LaTeX Warning: There were undefined references.


LaTeX Warning: Label(s) may have changed. Rerun to get cross-references right.


Package rerunfilecheck Warning: File `4_Theoretical_Analysis.out' has changed.
(rerunfilecheck)                Rerun to get outlines right
(rerunfilecheck)                or use package `bookmark'.

Package rerunfilecheck Info: Checksums for `4_Theoretical_Analysis.out':
(rerunfilecheck)             Before: 299B128707D5158D5891FF6B09C8606D;2868
(rerunfilecheck)             After:  B6F466B45B371AEE03750E72B8345A7B;1801.
Package logreq Info: Writing requests to '4_Theoretical_Analysis.run.xml'.
\openout1 = `4_Theoretical_Analysis.run.xml'.

 ) 
Here is how much of TeX's memory you used:
 34281 strings out of 467870
 645755 string characters out of 5415451
 1368575 words of memory out of 5000000
 62631 multiletter control sequences out of 15000+600000
 656116 words of font info for 86 fonts, out of 8000000 for 9000
 1141 hyphenation exceptions out of 8191
 128i,10n,124p,2565b,757s stack positions out of 10000i,1000n,20000p,200000b,200000s

pdfTeX warning (dest): name{subsection.0.2.2} has been referenced but does not 
exist, replaced by a fixed one


pdfTeX warning (dest): name{subsection.0.2.1} has been referenced but does not 
exist, replaced by a fixed one

<C:/Users/chutrunganh/AppData/Local/Programs/MiKTeX/fonts/type1/public/amsfonts
/cm/cmsy10.pfb><C:/Users/chutrunganh/AppData/Local/Programs/MiKTeX/fonts/type1/
vntex/urwvn/ucrb8v.pfb><C:/Users/chutrunganh/AppData/Local/Programs/MiKTeX/font
s/type1/vntex/urwvn/ucrr8v.pfb><C:/Users/chutrunganh/AppData/Local/Programs/MiK
TeX/fonts/type1/vntex/urwvn/utmb8v.pfb><C:/Users/chutrunganh/AppData/Local/Prog
rams/MiKTeX/fonts/type1/vntex/urwvn/utmr8v.pfb><C:/Users/chutrunganh/AppData/Lo
cal/Programs/MiKTeX/fonts/type1/vntex/urwvn/utmri8v.pfb>
Output written on 4_Theoretical_Analysis.pdf (7 pages, 135168 bytes).
PDF statistics:
 146 PDF objects out of 1000 (max. 8388607)
 41 named destinations out of 1000 (max. 500000)
 89 words of extra memory for PDF output out of 10000 (max. 10000000)

