This is pdfTeX, Version 3.141592653-2.6-1.40.28 (MiKTeX 25.12) (preloaded format=pdflatex 2026.5.24)  28 JUN 2026 23:48
entering extended mode
 restricted \write18 enabled.
 %&-line parsing enabled.
**./0_2_Acknowledgment.tex
(0_2_Acknowledgment.tex
LaTeX2e <2025-11-01>
L3 programming layer <2025-12-24>

(C:\Users\chutrunganh\AppData\Local\Programs\MiKTeX\tex/latex/subfiles\subfiles
.cls
Document Class: subfiles 2020/11/14 v2.2 Multi-file projects (class)
Preamble taken from file `../main.tex'

(C:\Users\chutrunganh\AppData\Local\Programs\MiKTeX\tex/latex/import\import.sty
Package: import 2020/04/01  v 6.2
) (../main.tex
(C:\Users\chutrunganh\AppData\Local\Programs\MiKTeX\tex/latex/base\report.cls
Document Class: report 2025/01/22 v1.4n Standard LaTeX document class
(C:\Users\chutrunganh\AppData\Local\Programs\MiKTeX\tex/latex/base\size10.clo
File: size10.clo 2025/01/22 v1.4n Standard LaTeX file (size option)
)
\c@part=\count275
\c@chapter=\count276
\c@section=\count277
\c@subsection=\count278
\c@subsubsection=\count279
\c@paragraph=\count280
\c@subparagraph=\count281
\c@figure=\count282
\c@table=\count283
\abovecaptionskip=\skip49
\belowcaptionskip=\skip50
\bibindent=\dimen148
)
(C:\Users\chutrunganh\AppData\Local\Programs\MiKTeX\tex/latex/koma-script\screx
tend.sty
Package: scrextend 2026/02/02 v3.49.2 KOMA-Script package (extend other classes
 with features of KOMA-Script classes)

(C:\Users\chutrunganh\AppData\Local\Programs\MiKTeX\tex/latex/koma-script\scrkb
ase.sty
Package: scrkbase 2026/02/02 v3.49.2 KOMA-Script package (KOMA-Script-dependent
 basics and keyval usage)

(C:\Users\chutrunganh\AppData\Local\Programs\MiKTeX\tex/latex/koma-script\scrba
se.sty
Package: scrbase 2026/02/02 v3.49.2 KOMA-Script package (KOMA-Script-independen
t basics and keyval usage)

(C:\Users\chutrunganh\AppData\Local\Programs\MiKTeX\tex/latex/koma-script\scrlf
ile.sty
Package: scrlfile 2026/02/02 v3.49.2 KOMA-Script package (file load hooks)

(C:\Users\chutrunganh\AppData\Local\Programs\MiKTeX\tex/latex/koma-script\scrlf
ile-hook.sty
Package: scrlfile-hook 2026/02/02 v3.49.2 KOMA-Script package (using LaTeX hook
s)

(C:\Users\chutrunganh\AppData\Local\Programs\MiKTeX\tex/latex/koma-script\scrlo
go.sty
Package: scrlogo 2026/02/02 v3.49.2 KOMA-Script package (logo)
)))
(C:\Users\chutrunganh\AppData\Local\Programs\MiKTeX\tex/latex/graphics\keyval.s
ty
Package: keyval 2022/05/29 v1.15 key=value parser (DPC)
\KV@toks@=\toks17
)
Applying: [2021/05/01] Usage of raw or classic option list on input line 254.
Already applied: [0000/00/00] Usage of raw or classic option list on input line
 370.
)))

LaTeX Font Warning: Font shape `OT1/cmr/m/n' in size <13> not available
(Font)              size <12> substituted on input line 3.


(C:\Users\chutrunganh\AppData\Local\Programs\MiKTeX\tex/latex/base\inputenc.sty
Package: inputenc 2024/02/08 v1.3d Input encoding file
\inpenc@prehook=\toks18
\inpenc@posthook=\toks19
)
(C:\Users\chutrunganh\AppData\Local\Programs\MiKTeX\tex/generic/babel\babel.sty
Package: babel 2025/12/11 v25.17 The multilingual framework for LuaLaTeX, pdfLa
TeX and XeLaTeX
\babel@savecnt=\count284
LaTeX Encoding Info:    Redeclaring text command \ij (encoding OT1) on input li
ne 2068.
LaTeX Encoding Info:    Redeclaring text command \IJ (encoding OT1) on input li
ne 2070.
LaTeX Encoding Info:    Redeclaring text command \ij (encoding T1) on input lin
e 2072.
LaTeX Encoding Info:    Redeclaring text command \IJ (encoding T1) on input lin
e 2073.
LaTeX Encoding Info:    Ignoring declaration for text command \ij (encoding ?) 
on input line 2074.
LaTeX Encoding Info:    Ignoring declaration for text command \IJ (encoding ?) 
on input line 2076.
LaTeX Encoding Info:    Ignoring declaration for text command \SS (encoding ?) 
on input line 2101.
\U@D=\dimen149
\l@unhyphenated=\language79

(C:\Users\chutrunganh\AppData\Local\Programs\MiKTeX\tex/generic/babel\txtbabel.
def)
\bbl@readstream=\read2
\bbl@dirlevel=\count285
Package babel Info: Configuration files are deprecated, as
(babel)             they can break document portability.
(babel)             Reported on input line 4196.

*************************************
* Local config file bblopts.cfg used
*

(C:\Users\chutrunganh\AppData\Local\Programs\MiKTeX\tex/latex/arabi\bblopts.cfg
File: bblopts.cfg 2005/09/08 v0.1 add Arabic and Farsi to "declared" options of
 babel
)
(C:\Users\chutrunganh\AppData\Local\Programs\MiKTeX\tex/generic/babel/locale/en
\babel-english.tex)
Package babel Info: Importing font and identification data for english
(babel)             from babel-en.ini. Reported on input line 4320.

(C:\Users\chutrunganh\AppData\Local\Programs\MiKTeX\tex/latex/babel-english\eng
lish.ldf
Language: english 2017/06/06 v3.3r English support from the babel system
Package babel Info: Hyphen rules for 'canadian' set to \l@english
(babel)             (\language0). Reported on input line 102.
Package babel Info: Hyphen rules for 'australian' set to \l@ukenglish
(babel)             (\language73). Reported on input line 105.
Package babel Info: Hyphen rules for 'newzealand' set to \l@ukenglish
(babel)             (\language73). Reported on input line 108.
))
(C:\Users\chutrunganh\AppData\Local\Programs\MiKTeX\tex/latex/geometry\geometry
.sty
Package: geometry 2026/03/07 v6.0 Page Geometry

(C:\Users\chutrunganh\AppData\Local\Programs\MiKTeX\tex/generic/iftex\ifvtex.st
y
Package: ifvtex 2019/10/25 v1.7 ifvtex legacy package. Use iftex instead.

(C:\Users\chutrunganh\AppData\Local\Programs\MiKTeX\tex/generic/iftex\iftex.sty
Package: iftex 2024/12/12 v1.0g TeX engine tests
))
\Gm@cnth=\count286
\Gm@cntv=\count287
\c@Gm@tempcnt=\count288
\Gm@bindingoffset=\dimen150
\Gm@wd@mp=\dimen151
\Gm@odd@mp=\dimen152
\Gm@even@mp=\dimen153
\Gm@layoutwidth=\dimen154
\Gm@layoutheight=\dimen155
\Gm@layouthoffset=\dimen156
\Gm@layoutvoffset=\dimen157
\Gm@dimlist=\toks20

(C:\Users\chutrunganh\AppData\Local\Programs\MiKTeX\tex/latex/geometry\geometry
.cfg))
(C:\Users\chutrunganh\AppData\Local\Programs\MiKTeX\tex/latex/xurl\xurl.sty
Package: xurl 2022/01/09 v 0.10 modify URL breaks

(C:\Users\chutrunganh\AppData\Local\Programs\MiKTeX\tex/latex/url\url.sty
\Urlmuskip=\muskip17
Package: url 2013/09/16  ver 3.4  Verb mode for urls, etc.
))
(C:\Users\chutrunganh\AppData\Local\Programs\MiKTeX\tex/latex/appendix\appendix
.sty
Package: appendix 2020/02/08 v1.2c extra appendix facilities
\c@@pps=\count289
\c@@ppsavesec=\count290
\c@@ppsaveapp=\count291
)
(C:\Users\chutrunganh\AppData\Local\Programs\MiKTeX\tex/latex/xcolor\xcolor.sty
Package: xcolor 2024/09/29 v3.02 LaTeX color extensions (UK)

(C:\Users\chutrunganh\AppData\Local\Programs\MiKTeX\tex/latex/graphics-cfg\colo
r.cfg
File: color.cfg 2016/01/02 v1.6 sample color configuration
)
Package xcolor Info: Driver file: pdftex.def on input line 274.

(C:\Users\chutrunganh\AppData\Local\Programs\MiKTeX\tex/latex/graphics-def\pdft
ex.def
File: pdftex.def 2025/09/29 v1.2d Graphics/color driver for pdftex
)
(C:\Users\chutrunganh\AppData\Local\Programs\MiKTeX\tex/latex/graphics\mathcolo
r.ltx)
Package xcolor Info: Model `cmy' substituted by `cmy0' on input line 1349.
Package xcolor Info: Model `hsb' substituted by `rgb' on input line 1353.
Package xcolor Info: Model `RGB' extended on input line 1365.
Package xcolor Info: Model `HTML' substituted by `rgb' on input line 1367.
Package xcolor Info: Model `Hsb' substituted by `hsb' on input line 1368.
Package xcolor Info: Model `tHsb' substituted by `hsb' on input line 1369.
Package xcolor Info: Model `HSB' substituted by `hsb' on input line 1370.
Package xcolor Info: Model `Gray' substituted by `gray' on input line 1371.
Package xcolor Info: Model `wave' substituted by `hsb' on input line 1372.
)
(C:\Users\chutrunganh\AppData\Local\Programs\MiKTeX\tex/latex/pgf/frontendlayer
\tikz.sty
(C:\Users\chutrunganh\AppData\Local\Programs\MiKTeX\tex/latex/pgf/basiclayer\pg
f.sty
(C:\Users\chutrunganh\AppData\Local\Programs\MiKTeX\tex/latex/pgf/utilities\pgf
rcs.sty
(C:\Users\chutrunganh\AppData\Local\Programs\MiKTeX\tex/generic/pgf/utilities\p
gfutil-common.tex
\pgfutil@everybye=\toks21
\pgfutil@tempdima=\dimen158
\pgfutil@tempdimb=\dimen159
)
(C:\Users\chutrunganh\AppData\Local\Programs\MiKTeX\tex/generic/pgf/utilities\p
gfutil-latex.def
\pgfutil@abb=\box53
)
(C:\Users\chutrunganh\AppData\Local\Programs\MiKTeX\tex/generic/pgf/utilities\p
gfrcs.code.tex
(C:\Users\chutrunganh\AppData\Local\Programs\MiKTeX\tex/generic/pgf\pgf.revisio
n.tex)
Package: pgfrcs 2025-08-29 v3.1.11a (3.1.11a)
))
Package: pgf 2025-08-29 v3.1.11a (3.1.11a)

(C:\Users\chutrunganh\AppData\Local\Programs\MiKTeX\tex/latex/pgf/basiclayer\pg
fcore.sty
(C:\Users\chutrunganh\AppData\Local\Programs\MiKTeX\tex/latex/graphics\graphicx
.sty
Package: graphicx 2024/12/31 v1.2e Enhanced LaTeX Graphics (DPC,SPQR)

(C:\Users\chutrunganh\AppData\Local\Programs\MiKTeX\tex/latex/graphics\graphics
.sty
Package: graphics 2024/08/06 v1.4g Standard LaTeX Graphics (DPC,SPQR)

(C:\Users\chutrunganh\AppData\Local\Programs\MiKTeX\tex/latex/graphics\trig.sty
Package: trig 2023/12/02 v1.11 sin cos tan (DPC)
)
(C:\Users\chutrunganh\AppData\Local\Programs\MiKTeX\tex/latex/graphics-cfg\grap
hics.cfg
File: graphics.cfg 2016/06/04 v1.11 sample graphics configuration
)
Package graphics Info: Driver file: pdftex.def on input line 106.
)
\Gin@req@height=\dimen160
\Gin@req@width=\dimen161
)
(C:\Users\chutrunganh\AppData\Local\Programs\MiKTeX\tex/latex/pgf/systemlayer\p
gfsys.sty
(C:\Users\chutrunganh\AppData\Local\Programs\MiKTeX\tex/generic/pgf/systemlayer
\pgfsys.code.tex
Package: pgfsys 2025-08-29 v3.1.11a (3.1.11a)

(C:\Users\chutrunganh\AppData\Local\Programs\MiKTeX\tex/generic/pgf/utilities\p
gfkeys.code.tex
\pgfkeys@pathtoks=\toks22
\pgfkeys@temptoks=\toks23

(C:\Users\chutrunganh\AppData\Local\Programs\MiKTeX\tex/generic/pgf/utilities\p
gfkeyslibraryfiltered.code.tex
\pgfkeys@tmptoks=\toks24
))
\pgf@x=\dimen162
\pgf@y=\dimen163
\pgf@xa=\dimen164
\pgf@ya=\dimen165
\pgf@xb=\dimen166
\pgf@yb=\dimen167
\pgf@xc=\dimen168
\pgf@yc=\dimen169
\pgf@xd=\dimen170
\pgf@yd=\dimen171
\w@pgf@writea=\write3
\r@pgf@reada=\read3
\c@pgf@counta=\count292
\c@pgf@countb=\count293
\c@pgf@countc=\count294
\c@pgf@countd=\count295
\t@pgf@toka=\toks25
\t@pgf@tokb=\toks26
\t@pgf@tokc=\toks27
\pgf@sys@id@count=\count296

(C:\Users\chutrunganh\AppData\Local\Programs\MiKTeX\tex/generic/pgf/systemlayer
\pgf.cfg
File: pgf.cfg 2025-08-29 v3.1.11a (3.1.11a)
)
Driver file for pgf: pgfsys-pdftex.def

(C:\Users\chutrunganh\AppData\Local\Programs\MiKTeX\tex/generic/pgf/systemlayer
\pgfsys-pdftex.def
File: pgfsys-pdftex.def 2025-08-29 v3.1.11a (3.1.11a)

(C:\Users\chutrunganh\AppData\Local\Programs\MiKTeX\tex/generic/pgf/systemlayer
\pgfsys-common-pdf.def
File: pgfsys-common-pdf.def 2025-08-29 v3.1.11a (3.1.11a)
)))
(C:\Users\chutrunganh\AppData\Local\Programs\MiKTeX\tex/generic/pgf/systemlayer
\pgfsyssoftpath.code.tex
File: pgfsyssoftpath.code.tex 2025-08-29 v3.1.11a (3.1.11a)
\pgfsyssoftpath@smallbuffer@items=\count297
\pgfsyssoftpath@bigbuffer@items=\count298
)
(C:\Users\chutrunganh\AppData\Local\Programs\MiKTeX\tex/generic/pgf/systemlayer
\pgfsysprotocol.code.tex
File: pgfsysprotocol.code.tex 2025-08-29 v3.1.11a (3.1.11a)
))
(C:\Users\chutrunganh\AppData\Local\Programs\MiKTeX\tex/generic/pgf/basiclayer\
pgfcore.code.tex
Package: pgfcore 2025-08-29 v3.1.11a (3.1.11a)

(C:\Users\chutrunganh\AppData\Local\Programs\MiKTeX\tex/generic/pgf/math\pgfmat
h.code.tex
(C:\Users\chutrunganh\AppData\Local\Programs\MiKTeX\tex/generic/pgf/math\pgfmat
hutil.code.tex)
(C:\Users\chutrunganh\AppData\Local\Programs\MiKTeX\tex/generic/pgf/math\pgfmat
hparser.code.tex
\pgfmath@dimen=\dimen172
\pgfmath@count=\count299
\pgfmath@box=\box54
\pgfmath@toks=\toks28
\pgfmath@stack@operand=\toks29
\pgfmath@stack@operation=\toks30
)
(C:\Users\chutrunganh\AppData\Local\Programs\MiKTeX\tex/generic/pgf/math\pgfmat
hfunctions.code.tex)
(C:\Users\chutrunganh\AppData\Local\Programs\MiKTeX\tex/generic/pgf/math\pgfmat
hfunctions.basic.code.tex)
(C:\Users\chutrunganh\AppData\Local\Programs\MiKTeX\tex/generic/pgf/math\pgfmat
hfunctions.trigonometric.code.tex)
(C:\Users\chutrunganh\AppData\Local\Programs\MiKTeX\tex/generic/pgf/math\pgfmat
hfunctions.random.code.tex)
(C:\Users\chutrunganh\AppData\Local\Programs\MiKTeX\tex/generic/pgf/math\pgfmat
hfunctions.comparison.code.tex)
(C:\Users\chutrunganh\AppData\Local\Programs\MiKTeX\tex/generic/pgf/math\pgfmat
hfunctions.base.code.tex)
(C:\Users\chutrunganh\AppData\Local\Programs\MiKTeX\tex/generic/pgf/math\pgfmat
hfunctions.round.code.tex)
(C:\Users\chutrunganh\AppData\Local\Programs\MiKTeX\tex/generic/pgf/math\pgfmat
hfunctions.misc.code.tex)
(C:\Users\chutrunganh\AppData\Local\Programs\MiKTeX\tex/generic/pgf/math\pgfmat
hfunctions.integerarithmetics.code.tex)
(C:\Users\chutrunganh\AppData\Local\Programs\MiKTeX\tex/generic/pgf/math\pgfmat
hcalc.code.tex)
(C:\Users\chutrunganh\AppData\Local\Programs\MiKTeX\tex/generic/pgf/math\pgfmat
hfloat.code.tex
\c@pgfmathroundto@lastzeros=\count300
))
(C:\Users\chutrunganh\AppData\Local\Programs\MiKTeX\tex/generic/pgf/math\pgfint
.code.tex)
(C:\Users\chutrunganh\AppData\Local\Programs\MiKTeX\tex/generic/pgf/basiclayer\
pgfcorepoints.code.tex
File: pgfcorepoints.code.tex 2025-08-29 v3.1.11a (3.1.11a)
\pgf@picminx=\dimen173
\pgf@picmaxx=\dimen174
\pgf@picminy=\dimen175
\pgf@picmaxy=\dimen176
\pgf@pathminx=\dimen177
\pgf@pathmaxx=\dimen178
\pgf@pathminy=\dimen179
\pgf@pathmaxy=\dimen180
\pgf@xx=\dimen181
\pgf@xy=\dimen182
\pgf@yx=\dimen183
\pgf@yy=\dimen184
\pgf@zx=\dimen185
\pgf@zy=\dimen186
)
(C:\Users\chutrunganh\AppData\Local\Programs\MiKTeX\tex/generic/pgf/basiclayer\
pgfcorepathconstruct.code.tex
File: pgfcorepathconstruct.code.tex 2025-08-29 v3.1.11a (3.1.11a)
\pgf@path@lastx=\dimen187
\pgf@path@lasty=\dimen188
)
(C:\Users\chutrunganh\AppData\Local\Programs\MiKTeX\tex/generic/pgf/basiclayer\
pgfcorepathusage.code.tex
File: pgfcorepathusage.code.tex 2025-08-29 v3.1.11a (3.1.11a)
\pgf@shorten@end@additional=\dimen189
\pgf@shorten@start@additional=\dimen190
)
(C:\Users\chutrunganh\AppData\Local\Programs\MiKTeX\tex/generic/pgf/basiclayer\
pgfcorescopes.code.tex
File: pgfcorescopes.code.tex 2025-08-29 v3.1.11a (3.1.11a)
\pgfpic=\box55
\pgf@hbox=\box56
\pgf@layerbox@main=\box57
\pgf@picture@serial@count=\count301
)
(C:\Users\chutrunganh\AppData\Local\Programs\MiKTeX\tex/generic/pgf/basiclayer\
pgfcoregraphicstate.code.tex
File: pgfcoregraphicstate.code.tex 2025-08-29 v3.1.11a (3.1.11a)
\pgflinewidth=\dimen191
)
(C:\Users\chutrunganh\AppData\Local\Programs\MiKTeX\tex/generic/pgf/basiclayer\
pgfcoretransformations.code.tex
File: pgfcoretransformations.code.tex 2025-08-29 v3.1.11a (3.1.11a)
\pgf@pt@x=\dimen192
\pgf@pt@y=\dimen193
\pgf@pt@temp=\dimen194
)
(C:\Users\chutrunganh\AppData\Local\Programs\MiKTeX\tex/generic/pgf/basiclayer\
pgfcorequick.code.tex
File: pgfcorequick.code.tex 2025-08-29 v3.1.11a (3.1.11a)
)
(C:\Users\chutrunganh\AppData\Local\Programs\MiKTeX\tex/generic/pgf/basiclayer\
pgfcoreobjects.code.tex
File: pgfcoreobjects.code.tex 2025-08-29 v3.1.11a (3.1.11a)
)
(C:\Users\chutrunganh\AppData\Local\Programs\MiKTeX\tex/generic/pgf/basiclayer\
pgfcorepathprocessing.code.tex
File: pgfcorepathprocessing.code.tex 2025-08-29 v3.1.11a (3.1.11a)
)
(C:\Users\chutrunganh\AppData\Local\Programs\MiKTeX\tex/generic/pgf/basiclayer\
pgfcorearrows.code.tex
File: pgfcorearrows.code.tex 2025-08-29 v3.1.11a (3.1.11a)
\pgfarrowsep=\dimen195
)
(C:\Users\chutrunganh\AppData\Local\Programs\MiKTeX\tex/generic/pgf/basiclayer\
pgfcoreshade.code.tex
File: pgfcoreshade.code.tex 2025-08-29 v3.1.11a (3.1.11a)
\pgf@max=\dimen196
\pgf@sys@shading@range@num=\count302
\pgf@shadingcount=\count303
)
(C:\Users\chutrunganh\AppData\Local\Programs\MiKTeX\tex/generic/pgf/basiclayer\
pgfcoreimage.code.tex
File: pgfcoreimage.code.tex 2025-08-29 v3.1.11a (3.1.11a)
)
(C:\Users\chutrunganh\AppData\Local\Programs\MiKTeX\tex/generic/pgf/basiclayer\
pgfcoreexternal.code.tex
File: pgfcoreexternal.code.tex 2025-08-29 v3.1.11a (3.1.11a)
\pgfexternal@startupbox=\box58
)
(C:\Users\chutrunganh\AppData\Local\Programs\MiKTeX\tex/generic/pgf/basiclayer\
pgfcorelayers.code.tex
File: pgfcorelayers.code.tex 2025-08-29 v3.1.11a (3.1.11a)
)
(C:\Users\chutrunganh\AppData\Local\Programs\MiKTeX\tex/generic/pgf/basiclayer\
pgfcoretransparency.code.tex
File: pgfcoretransparency.code.tex 2025-08-29 v3.1.11a (3.1.11a)
)
(C:\Users\chutrunganh\AppData\Local\Programs\MiKTeX\tex/generic/pgf/basiclayer\
pgfcorepatterns.code.tex
File: pgfcorepatterns.code.tex 2025-08-29 v3.1.11a (3.1.11a)
)
(C:\Users\chutrunganh\AppData\Local\Programs\MiKTeX\tex/generic/pgf/basiclayer\
pgfcorerdf.code.tex
File: pgfcorerdf.code.tex 2025-08-29 v3.1.11a (3.1.11a)
)))
(C:\Users\chutrunganh\AppData\Local\Programs\MiKTeX\tex/generic/pgf/modules\pgf
moduleshapes.code.tex
File: pgfmoduleshapes.code.tex 2025-08-29 v3.1.11a (3.1.11a)
\pgfnodeparttextbox=\box59
)
(C:\Users\chutrunganh\AppData\Local\Programs\MiKTeX\tex/generic/pgf/modules\pgf
moduleplot.code.tex
File: pgfmoduleplot.code.tex 2025-08-29 v3.1.11a (3.1.11a)
)
(C:\Users\chutrunganh\AppData\Local\Programs\MiKTeX\tex/latex/pgf/compatibility
\pgfcomp-version-0-65.sty
Package: pgfcomp-version-0-65 2025-08-29 v3.1.11a (3.1.11a)
\pgf@nodesepstart=\dimen197
\pgf@nodesepend=\dimen198
)
(C:\Users\chutrunganh\AppData\Local\Programs\MiKTeX\tex/latex/pgf/compatibility
\pgfcomp-version-1-18.sty
Package: pgfcomp-version-1-18 2025-08-29 v3.1.11a (3.1.11a)
))
(C:\Users\chutrunganh\AppData\Local\Programs\MiKTeX\tex/latex/pgf/utilities\pgf
for.sty
(C:\Users\chutrunganh\AppData\Local\Programs\MiKTeX\tex/latex/pgf/utilities\pgf
keys.sty
(C:\Users\chutrunganh\AppData\Local\Programs\MiKTeX\tex/generic/pgf/utilities\p
gfkeys.code.tex))
(C:\Users\chutrunganh\AppData\Local\Programs\MiKTeX\tex/latex/pgf/math\pgfmath.
sty
(C:\Users\chutrunganh\AppData\Local\Programs\MiKTeX\tex/generic/pgf/math\pgfmat
h.code.tex))
(C:\Users\chutrunganh\AppData\Local\Programs\MiKTeX\tex/generic/pgf/utilities\p
gffor.code.tex
Package: pgffor 2025-08-29 v3.1.11a (3.1.11a)
\pgffor@iter=\dimen199
\pgffor@skip=\dimen256
\pgffor@stack=\toks31
\pgffor@toks=\toks32
))
(C:\Users\chutrunganh\AppData\Local\Programs\MiKTeX\tex/generic/pgf/frontendlay
er/tikz\tikz.code.tex
Package: tikz 2025-08-29 v3.1.11a (3.1.11a)

(C:\Users\chutrunganh\AppData\Local\Programs\MiKTeX\tex/generic/pgf/libraries\p
gflibraryplothandlers.code.tex
File: pgflibraryplothandlers.code.tex 2025-08-29 v3.1.11a (3.1.11a)
\pgf@plot@mark@count=\count304
\pgfplotmarksize=\dimen257
)
\tikz@lastx=\dimen258
\tikz@lasty=\dimen259
\tikz@lastxsaved=\dimen260
\tikz@lastysaved=\dimen261
\tikz@lastmovetox=\dimen262
\tikz@lastmovetoy=\dimen263
\tikzleveldistance=\dimen264
\tikzsiblingdistance=\dimen265
\tikz@figbox=\box60
\tikz@figbox@bg=\box61
\tikz@tempbox=\box62
\tikz@tempbox@bg=\box63
\tikztreelevel=\count305
\tikznumberofchildren=\count306
\tikznumberofcurrentchild=\count307
\tikz@fig@count=\count308

(C:\Users\chutrunganh\AppData\Local\Programs\MiKTeX\tex/generic/pgf/modules\pgf
modulematrix.code.tex
File: pgfmodulematrix.code.tex 2025-08-29 v3.1.11a (3.1.11a)
\pgfmatrixcurrentrow=\count309
\pgfmatrixcurrentcolumn=\count310
\pgf@matrix@numberofcolumns=\count311
)
\tikz@expandcount=\count312

(C:\Users\chutrunganh\AppData\Local\Programs\MiKTeX\tex/generic/pgf/frontendlay
er/tikz/libraries\tikzlibrarytopaths.code.tex
File: tikzlibrarytopaths.code.tex 2025-08-29 v3.1.11a (3.1.11a)
)))
(C:\Users\chutrunganh\AppData\Local\Programs\MiKTeX\tex/generic/pgf/libraries\p
gflibraryarrows.meta.code.tex
File: pgflibraryarrows.meta.code.tex 2025-08-29 v3.1.11a (3.1.11a)
\pgfarrowinset=\dimen266
\pgfarrowlength=\dimen267
\pgfarrowwidth=\dimen268
\pgfarrowlinewidth=\dimen269
)
(C:\Users\chutrunganh\AppData\Local\Programs\MiKTeX\tex/generic/pgf/frontendlay
er/tikz/libraries\tikzlibrarypositioning.code.tex
File: tikzlibrarypositioning.code.tex 2025-08-29 v3.1.11a (3.1.11a)
)
(C:\Users\chutrunganh\AppData\Local\Programs\MiKTeX\tex/generic/pgf/frontendlay
er/tikz/libraries\tikzlibraryshapes.geometric.code.tex
File: tikzlibraryshapes.geometric.code.tex 2025-08-29 v3.1.11a (3.1.11a)

(C:\Users\chutrunganh\AppData\Local\Programs\MiKTeX\tex/generic/pgf/libraries/s
hapes\pgflibraryshapes.geometric.code.tex
File: pgflibraryshapes.geometric.code.tex 2025-08-29 v3.1.11a (3.1.11a)
))
(C:\Users\chutrunganh\AppData\Local\Programs\MiKTeX\tex/latex/outlines\outlines
.sty
Package: outlines 2012/1/23 1.1 Ch. Pecheur

(C:\Users\chutrunganh\AppData\Local\Programs\MiKTeX\tex/latex/base\ifthen.sty
Package: ifthen 2024/03/16 v1.1e Standard LaTeX ifthen package (DPC)
))
(C:\Users\chutrunganh\AppData\Local\Programs\MiKTeX\tex/latex/fancybox\fancybox
.sty
Package: fancybox 2010/05/15 1.4

Style option: `fancybox' v1.4 <2010/05/15> (tvz)
\@fancybox=\box64
\shadowsize=\dimen270
\@Sbox=\box65
\do@VerbBox=\toks33
\the@fancyput=\toks34
\this@fancyput=\toks35
\EndVerbatimTokens=\toks36
\Verbatim@Outfile=\write4
\Verbatim@Infile=\read4
)
(C:\Users\chutrunganh\AppData\Local\Programs\MiKTeX\tex/latex/tools\indentfirst
.sty
Package: indentfirst 2023/07/02 v1.03 Indent first paragraph (DPC)
)
(C:\Users\chutrunganh\AppData\Local\Programs\MiKTeX\tex/latex/amscls\amsthm.sty
Package: amsthm 2020/05/29 v2.20.6
\thm@style=\toks37
\thm@bodyfont=\toks38
\thm@headfont=\toks39
\thm@notefont=\toks40
\thm@headpunct=\toks41
\thm@preskip=\skip51
\thm@postskip=\skip52
\thm@headsep=\skip53
\dth@everypar=\toks42
)
(C:\Users\chutrunganh\AppData\Local\Programs\MiKTeX\tex/latex/base\latexsym.sty
Package: latexsym 1998/08/17 v2.2e Standard LaTeX package (lasy symbols)
\symlasy=\mathgroup4
LaTeX Font Info:    Overwriting symbol font `lasy' in version `bold'
(Font)                  U/lasy/m/n --> U/lasy/b/n on input line 52.
)
(C:\Users\chutrunganh\AppData\Local\Programs\MiKTeX\tex/latex/amsmath\amsmath.s
ty
Package: amsmath 2025/07/09 v2.17z AMS math features
\@mathmargin=\skip54

For additional information on amsmath, use the `?' option.

(C:\Users\chutrunganh\AppData\Local\Programs\MiKTeX\tex/latex/amsmath\amstext.s
ty
Package: amstext 2024/11/17 v2.01 AMS text

(C:\Users\chutrunganh\AppData\Local\Programs\MiKTeX\tex/latex/amsmath\amsgen.st
y
File: amsgen.sty 1999/11/30 v2.0 generic functions
\@emptytoks=\toks43
\ex@=\dimen271
))
(C:\Users\chutrunganh\AppData\Local\Programs\MiKTeX\tex/latex/amsmath\amsbsy.st
y
Package: amsbsy 1999/11/29 v1.2d Bold Symbols
\pmbraise@=\dimen272
)
(C:\Users\chutrunganh\AppData\Local\Programs\MiKTeX\tex/latex/amsmath\amsopn.st
y
Package: amsopn 2022/04/08 v2.04 operator names
)
\inf@bad=\count313
LaTeX Info: Redefining \frac on input line 233.
\uproot@=\count314
\leftroot@=\count315
LaTeX Info: Redefining \overline on input line 398.
LaTeX Info: Redefining \colon on input line 409.
\classnum@=\count316
\DOTSCASE@=\count317
LaTeX Info: Redefining \ldots on input line 495.
LaTeX Info: Redefining \dots on input line 498.
LaTeX Info: Redefining \cdots on input line 619.
\Mathstrutbox@=\box66
\strutbox@=\box67
LaTeX Info: Redefining \big on input line 721.
LaTeX Info: Redefining \Big on input line 722.
LaTeX Info: Redefining \bigg on input line 723.
LaTeX Info: Redefining \Bigg on input line 724.
\big@size=\dimen273
LaTeX Font Info:    Redeclaring font encoding OML on input line 742.
LaTeX Font Info:    Redeclaring font encoding OMS on input line 743.
\macc@depth=\count318
LaTeX Info: Redefining \bmod on input line 904.
LaTeX Info: Redefining \pmod on input line 909.
LaTeX Info: Redefining \smash on input line 939.
LaTeX Info: Redefining \relbar on input line 969.
LaTeX Info: Redefining \Relbar on input line 970.
\c@MaxMatrixCols=\count319
\dotsspace@=\muskip18
\c@parentequation=\count320
\dspbrk@lvl=\count321
\tag@help=\toks44
\row@=\count322
\column@=\count323
\maxfields@=\count324
\andhelp@=\toks45
\eqnshift@=\dimen274
\alignsep@=\dimen275
\tagshift@=\dimen276
\tagwidth@=\dimen277
\totwidth@=\dimen278
\lineht@=\dimen279
\@envbody=\toks46
\multlinegap=\skip55
\multlinetaggap=\skip56
\mathdisplay@stack=\toks47
LaTeX Info: Redefining \[ on input line 2950.
LaTeX Info: Redefining \] on input line 2951.
)
(C:\Users\chutrunganh\AppData\Local\Programs\MiKTeX\tex/latex/amsfonts\amssymb.
sty
Package: amssymb 2013/01/14 v3.01 AMS font symbols

(C:\Users\chutrunganh\AppData\Local\Programs\MiKTeX\tex/latex/amsfonts\amsfonts
.sty
Package: amsfonts 2013/01/14 v3.01 Basic AMSFonts support
\symAMSa=\mathgroup5
\symAMSb=\mathgroup6
LaTeX Font Info:    Redeclaring math symbol \hbar on input line 98.
LaTeX Font Info:    Overwriting math alphabet `\mathfrak' in version `bold'
(Font)                  U/euf/m/n --> U/euf/b/n on input line 106.
))
(C:\Users\chutrunganh\AppData\Local\Programs\MiKTeX\tex/latex/psnfss\times.sty
Package: times 2020/03/25 PSNFSS-v9.3 (SPQR) 
) (C:\Users\chutrunganh\AppData\Local\Programs\MiKTeX\tex/latex/tools\array.sty
Package: array 2025/09/25 v2.6n Tabular extension package (FMi)
\col@sep=\dimen280
\ar@mcellbox=\box68
\extrarowheight=\dimen281
\NC@list=\toks48
\extratabsurround=\skip57
\backup@length=\skip58
\ar@cellbox=\box69
)
(C:\Users\chutrunganh\AppData\Local\Programs\MiKTeX\tex/latex/enumitem\enumitem
.sty
Package: enumitem 2025/02/06 v3.11 Customized lists
\labelindent=\skip59
\enit@outerparindent=\dimen282
\enit@toks=\toks49
\enit@inbox=\box70
\enit@count@id=\count325
\enitdp@description=\count326
)
(C:\Users\chutrunganh\AppData\Local\Programs\MiKTeX\tex/latex/subfiles\subfiles
.sty
Package: subfiles 2020/11/14 v2.2 Multi-file projects (package)
)
(C:\Users\chutrunganh\AppData\Local\Programs\MiKTeX\tex/latex/titlesec\titlesec
.sty
Package: titlesec 2025/01/04 v2.17 Sectioning titles
\ttl@box=\box71
\beforetitleunit=\skip60
\aftertitleunit=\skip61
\ttl@plus=\dimen283
\ttl@minus=\dimen284
\ttl@toksa=\toks50
\titlewidth=\dimen285
\titlewidthlast=\dimen286
\titlewidthfirst=\dimen287
)
(C:\Users\chutrunganh\AppData\Local\Programs\MiKTeX\tex/latex/titlesec\titletoc
.sty
Package: titletoc 2025/01/04 v2.17 TOC entries
\ttl@leftsep=\dimen288
)
(C:\Users\chutrunganh\AppData\Local\Programs\MiKTeX\tex/latex/chngcntr\chngcntr
.sty
Package: chngcntr 2018/04/09 v1.1a change counter resetting
Package chngcntr Info: \counterwithout already defined.
(chngcntr)             Quitting chngcntr on input line 21.
)
(C:\Users\chutrunganh\AppData\Local\Programs\MiKTeX\tex/latex/pdflscape\pdflsca
pe.sty
Package: pdflscape 2022-10-27 v0.13 Display of landscape pages in PDF

(C:\Users\chutrunganh\AppData\Local\Programs\MiKTeX\tex/latex/pdflscape\pdflsca
pe-nometadata.sty
Package: pdflscape-nometadata 2022-10-28 v0.13 Display of landscape pages in PD
F (HO)

(C:\Users\chutrunganh\AppData\Local\Programs\MiKTeX\tex/latex/graphics\lscape.s
ty
Package: lscape 2020/05/28 v3.02 Landscape Pages (DPC)
)
Package pdflscape Info: Auto-detected driver: pdftex on input line 81.
))
(C:\Users\chutrunganh\AppData\Local\Programs\MiKTeX\tex/latex/tools\afterpage.s
ty
Package: afterpage 2023/07/04 v1.08 After-Page Package (DPC)
\AP@output=\toks51
\AP@partial=\box72
\AP@footins=\box73
)
(C:\Users\chutrunganh\AppData\Local\Programs\MiKTeX\tex/latex/algorithm2e\algor
ithm2e.sty
Package: algorithm2e 2017/07/18 v5.2 algorithms environments
\c@AlgoLine=\count327
\algocf@hangindent=\skip62

(C:\Users\chutrunganh\AppData\Local\Programs\MiKTeX\tex/latex/ifoddpage\ifoddpa
ge.sty
Package: ifoddpage 2022/10/18 v1.2 Conditionals for odd/even page detection
\c@checkoddpage=\count328
)
(C:\Users\chutrunganh\AppData\Local\Programs\MiKTeX\tex/latex/tools\xspace.sty
Package: xspace 2014/10/28 v1.13 Space after command names (DPC,MH)
)
(C:\Users\chutrunganh\AppData\Local\Programs\MiKTeX\tex/latex/relsize\relsize.s
ty
Package: relsize 2013/03/29 ver 4.1
)
\skiptotal=\skip63
\skiplinenumber=\skip64
\skiprule=\skip65
\skiphlne=\skip66
\skiptext=\skip67
\skiplength=\skip68
\algomargin=\skip69
\skipalgocfslide=\skip70
\algowidth=\dimen289
\inoutsize=\dimen290
\inoutindent=\dimen291
\interspacetitleruled=\dimen292
\interspacealgoruled=\dimen293
\interspacetitleboxruled=\dimen294
\algocf@ruledwidth=\skip71
\algocf@inoutbox=\box74
\algocf@inputbox=\box75
\AlCapSkip=\skip72
\AlCapHSkip=\skip73
\algoskipindent=\skip74
\algocf@nlbox=\box76
\algocf@hangingbox=\box77
\algocf@untilbox=\box78
\algocf@skipuntil=\skip75
\algocf@capbox=\box79
\algocf@lcaptionbox=\skip76
\algoheightruledefault=\skip77
\algoheightrule=\skip78
\algotitleheightruledefault=\skip79
\algotitleheightrule=\skip80
\c@algocfline=\count329
\c@algocfproc=\count330
\c@algocf=\count331
\algocf@algoframe=\box80
\algocf@algobox=\box81
)
(C:\Users\chutrunganh\AppData\Local\Programs\MiKTeX\tex/latex/capt-of\capt-of.s
ty
Package: capt-of 2009/12/29 v0.2 standard captions outside of floats
)
(C:\Users\chutrunganh\AppData\Local\Programs\MiKTeX\tex/latex/multirow\multirow
.sty
Package: multirow 2024/11/12 v2.9 Span multiple rows of a table
\multirow@colwidth=\skip81
\multirow@cntb=\count332
\multirow@dima=\skip82
\bigstrutjot=\dimen295
)
(C:\Users\chutrunganh\AppData\Local\Programs\MiKTeX\tex/latex/fancyhdr\fancyhdr
.sty
Package: fancyhdr 2025/02/07 v5.2 Extensive control of page headers and footers

\f@nch@headwidth=\skip83
\f@nch@offset@elh=\skip84
\f@nch@offset@erh=\skip85
\f@nch@offset@olh=\skip86
\f@nch@offset@orh=\skip87
\f@nch@offset@elf=\skip88
\f@nch@offset@erf=\skip89
\f@nch@offset@olf=\skip90
\f@nch@offset@orf=\skip91
\f@nch@height=\skip92
\f@nch@footalignment=\skip93
\f@nch@widthL=\skip94
\f@nch@widthC=\skip95
\f@nch@widthR=\skip96
\@temptokenb=\toks52
)
(C:\Users\chutrunganh\AppData\Local\Programs\MiKTeX\tex/latex/caption\caption.s
ty
Package: caption 2023/08/05 v3.6o Customizing captions (AR)

(C:\Users\chutrunganh\AppData\Local\Programs\MiKTeX\tex/latex/caption\caption3.
sty
Package: caption3 2023/07/31 v2.4d caption3 kernel (AR)
\caption@tempdima=\dimen296
\captionmargin=\dimen297
\caption@leftmargin=\dimen298
\caption@rightmargin=\dimen299
\caption@width=\dimen300
\caption@indent=\dimen301
\caption@parindent=\dimen302
\caption@hangindent=\dimen303
Package caption Info: Standard document class detected.
)
\c@caption@flags=\count333
\c@continuedfloat=\count334
Package caption Info: scrextend package is loaded.
\caption@addmargin@hsize=\dimen304
\caption@addmargin@linewidth=\dimen305
)
(C:\Users\chutrunganh\AppData\Local\Programs\MiKTeX\tex/latex/listings\listings
.sty
\lst@mode=\count335
\lst@gtempboxa=\box82
\lst@token=\toks53
\lst@length=\count336
\lst@currlwidth=\dimen306
\lst@column=\count337
\lst@pos=\count338
\lst@lostspace=\dimen307
\lst@width=\dimen308
\lst@newlines=\count339
\lst@lineno=\count340
\lst@maxwidth=\dimen309

(C:\Users\chutrunganh\AppData\Local\Programs\MiKTeX\tex/latex/listings\lstpatch
.sty
File: lstpatch.sty 2025/11/14 1.11b (Carsten Heinz)
)
(C:\Users\chutrunganh\AppData\Local\Programs\MiKTeX\tex/latex/listings\lstmisc.
sty
File: lstmisc.sty 2025/11/14 1.11b (Carsten Heinz)
\c@lstnumber=\count341
\lst@skipnumbers=\count342
\lst@framebox=\box83
)
(C:\Users\chutrunganh\AppData\Local\Programs\MiKTeX\tex/latex/listings\listings
.cfg
File: listings.cfg 2025/11/14 1.11b listings configuration
))
Package: listings 2025/11/14 1.11b (Carsten Heinz)

==> First Aid for listings.sty no longer applied!
    Expected:
        2024/09/23 1.10c (Carsten Heinz)
    but found:
        2025/11/14 1.11b (Carsten Heinz)
    so I'm assuming it got fixed.
(C:\Users\chutrunganh\AppData\Local\Programs\MiKTeX\tex/latex/float\float.sty
Package: float 2001/11/08 v1.3d Float enhancements (AL)
\c@float@type=\count343
\float@exts=\toks54
\float@box=\box84
\@float@everytoks=\toks55
\@floatcapt=\box85
)
(C:\Users\chutrunganh\AppData\Local\Programs\MiKTeX\tex/latex/caption\subcaptio
n.sty
Package: subcaption 2023/07/28 v1.6b Sub-captions (AR)
Package caption Info: New subtype `subfigure' on input line 238.
\c@subfigure=\count344
Package caption Info: New subtype `subtable' on input line 238.
\c@subtable=\count345
)
(C:\Users\chutrunganh\AppData\Local\Programs\MiKTeX\tex/latex/glossaries/base\g
lossaries.sty
Package: glossaries 2026/04/21 v5.1 (NLCT)

(C:\Users\chutrunganh\AppData\Local\Programs\MiKTeX\tex/latex/xkeyval\xkeyval.s
ty
Package: xkeyval 2022/06/16 v2.9 package option processing (HA)

(C:\Users\chutrunganh\AppData\Local\Programs\MiKTeX\tex/generic/xkeyval\xkeyval
.tex
(C:\Users\chutrunganh\AppData\Local\Programs\MiKTeX\tex/generic/xkeyval\xkvutil
s.tex
\XKV@toks=\toks56
\XKV@tempa@toks=\toks57
)
\XKV@depth=\count346
File: xkeyval.tex 2014/12/03 v2.7a key=value parser (HA)
))
(C:\Users\chutrunganh\AppData\Local\Programs\MiKTeX\tex/latex/mfirstuc\mfirstuc
.sty
Package: mfirstuc 2025/04/03 v2.09 (NLCT)

(C:\Users\chutrunganh\AppData\Local\Programs\MiKTeX\tex/latex/etoolbox\etoolbox
.sty
Package: etoolbox 2025/10/02 v2.5m e-TeX tools for LaTeX (JAW)
\etb@tempcnta=\count347
)
\@glsmfirst=\toks58
\@glsmrest=\toks59
)
(C:\Users\chutrunganh\AppData\Local\Programs\MiKTeX\tex/latex/xfor\xfor.sty
Package: xfor 2009/02/05 v1.05 (NLCT)
)
(C:\Users\chutrunganh\AppData\Local\Programs\MiKTeX\tex/latex/tracklang\trackla
ng.sty
Package: tracklang 2026/05/18 v1.6.7 (NLCT) Track Languages

(C:\Users\chutrunganh\AppData\Local\Programs\MiKTeX\tex/generic/tracklang\track
lang.tex)
Package tracklang Info: Tracking dialect `english' (language `english') on inpu
t line 264.
Package tracklang Info: Tracking dialect `english' (language `english') on inpu
t line 264.
)
(C:\Users\chutrunganh\AppData\Local\Programs\MiKTeX\tex/latex/translator\transl
ator.sty
Package: translator 2021-05-31 v1.12d Easy translation of strings in LaTeX
)
(C:\Users\chutrunganh\AppData\Local\Programs\MiKTeX\tex/latex/glossaries-englis
h\glossaries-english.ldf
File: glossaries-english.ldf 2014/11/23 v1.0
)
(C:\Users\chutrunganh\AppData\Local\Programs\MiKTeX\tex/latex/datatool\datatool
-base.sty
Package: datatool-base 2025/12/04 v3.4.3 (NLCT)
\l__datatool_tmpa_int=\count348
\l__datatool_tmpb_int=\count349
\l__datatool_tmpc_int=\count350
\l__datatool_tmpd_int=\count351
\l__datatool_count_int=\count352
\l__datatool_tmp_datatype_int=\count353
\l__datatool_tmpa_dim=\dimen310
\l__datatool_tmpb_dim=\dimen311

(C:\Users\chutrunganh\AppData\Local\Programs\MiKTeX\tex/latex/datatool\datatool
-l3fp.def
File: datatool-l3fp.def 2025/12/04 v3.4.3 (NLCT)
)
\@dtl@toks=\toks60
\@dtl@tmpcount=\count354
\dtl@tmplength=\skip97
\l__datatool_measure_box=\box86
\dtl@sortresult=\count355

(C:\Users\chutrunganh\AppData\Local\Programs\MiKTeX\tex/latex/datatool\datatool
-utf8.ldf
File: datatool-utf8.ldf 2025/12/04 v3.4.3 (NLCT)
)
\@dtl@datatype=\count356
\c_datatool_unknown_int=\count357
\l__datatool_year_int=\count358
\l__datatool_month_int=\count359
\l__datatool_day_int=\count360
\l__datatool_hour_int=\count361
\l__datatool_minute_int=\count362
\l__datatool_second_int=\count363
\l__datatool_tzhour_int=\count364
\l__datatool_tzminute_int=\count365
\l__datatool_julian_int=\count366
\l__datatool_local_julian_int=\count367
\l__datatool_prefix_int=\count368
\l__datatool_suffix_int=\count369
\@dtl@foreach@level=\count370


Package tracklang Warning: No `datatool' support for dialect `english'  on inpu
t line 9924.

\dtl@codeA=\count371
\dtl@codeB=\count372
)
\gls@level=\count373
\@gls@tmpb=\toks61
\gls@tmplen=\skip98
\l__glossaries_tmpa_dim=\dimen312
\l__glossaries_tmpb_dim=\dimen313
\glskeylisttok=\toks62
\glslabeltok=\toks63
\glsshorttok=\toks64
\glslongtok=\toks65

(C:\Users\chutrunganh\AppData\Local\Programs\MiKTeX\tex/latex/glossaries/styles
\glossary-hypernav.sty
Package: glossary-hypernav 2026/04/21 v5.1 (NLCT)
)
(C:\Users\chutrunganh\AppData\Local\Programs\MiKTeX\tex/latex/glossaries/styles
\glossary-list.sty
Package: glossary-list 2026/04/21 v5.1 (NLCT)
\glslistdottedwidth=\skip99
)
(C:\Users\chutrunganh\AppData\Local\Programs\MiKTeX\tex/latex/glossaries/styles
\glossary-long.sty
Package: glossary-long 2026/04/21 v5.1 (NLCT)

(C:\Users\chutrunganh\AppData\Local\Programs\MiKTeX\tex/latex/tools\longtable.s
ty
Package: longtable 2025-10-13 v4.24 Multi-page Table package (DPC)
\LTleft=\skip100
\LTright=\skip101
\LTpre=\skip102
\LTpost=\skip103
\LTchunksize=\count374
\LTcapwidth=\dimen314
\LT@head=\box87
\LT@firsthead=\box88
\LT@foot=\box89
\LT@lastfoot=\box90
\LT@gbox=\box91
\LT@cols=\count375
\LT@rows=\count376
\c@LT@tables=\count377
\c@LT@chunks=\count378
\LT@p@ftn=\toks66
)
\glsdescwidth=\skip104
\glspagelistwidth=\skip105
)
(C:\Users\chutrunganh\AppData\Local\Programs\MiKTeX\tex/latex/glossaries/styles
\glossary-super.sty
Package: glossary-super 2026/04/21 v5.1 (NLCT)

(C:\Users\chutrunganh\AppData\Local\Programs\MiKTeX\tex/latex/supertabular\supe
rtabular.sty
Package: supertabular 2025/06/26 v4.2d the supertabular environment
\c@tracingst=\count379
\ST@wd=\dimen315
\ST@rightskip=\skip106
\ST@leftskip=\skip107
\ST@parfillskip=\skip108
\ST@pageleft=\dimen316
\ST@headht=\dimen317
\ST@tailht=\dimen318
\ST@pagesofar=\dimen319
\ST@pboxht=\dimen320
\ST@rowht=\dimen321
\ST@prevht=\dimen322
\ST@toadd=\dimen323
\ST@dimen=\dimen324
\ST@pbox=\box92
))
(C:\Users\chutrunganh\AppData\Local\Programs\MiKTeX\tex/latex/glossaries/styles
\glossary-tree.sty
Package: glossary-tree 2026/04/21 v5.1 (NLCT)
\l__glossaries_tree_max_known_level_int=\count380
\l__glossaries_tree_offset_dim=\dimen325
\l__glossaries_tree_namewidth_dim=\dimen326
\l__glossaries_tree_symbolwidth_dim=\dimen327
\l__glossaries_tree_prenamesym_width_dim=\dimen328
\l__glossaries_tree_presubnamesym_width_dim=\dimen329
\l__glossaries_tree_namewidth_padding_dim=\dimen330
\l__glossaries_tree_symbolwidth_padding_dim=\dimen331
\l__glossaries_tree_namesymbolwidth_dim=\dimen332
\l__glossaries_tree_namesymbolwidth_padding_dim=\dimen333
\l__glossaries_tree_level_int=\count381
\glstreeindent=\skip109
))
(C:\Users\chutrunganh\AppData\Local\Programs\MiKTeX\tex/latex/glossaries/styles
\glossary-superragged.sty
Package: glossary-superragged 2026/04/21 v5.1 (NLCT)
)
(C:\Users\chutrunganh\AppData\Local\Programs\MiKTeX\tex/latex/setspace\setspace
.sty
Package: setspace 2022/12/04 v6.7b set line spacing
)
(C:\Users\chutrunganh\AppData\Local\Programs\MiKTeX\tex/latex/parskip\parskip.s
ty
Package: parskip 2021-03-14 v2.0h non-zero parskip adjustments

(C:\Users\chutrunganh\AppData\Local\Programs\MiKTeX\tex/latex/kvoptions\kvoptio
ns.sty
Package: kvoptions 2022-06-15 v3.15 Key value format for package options (HO)

(C:\Users\chutrunganh\AppData\Local\Programs\MiKTeX\tex/generic/ltxcmds\ltxcmds
.sty
Package: ltxcmds 2023-12-04 v1.26 LaTeX kernel commands for general use (HO)
)
(C:\Users\chutrunganh\AppData\Local\Programs\MiKTeX\tex/latex/kvsetkeys\kvsetke
ys.sty
Package: kvsetkeys 2022-10-05 v1.19 Key value parser (HO)
)))
(C:\Users\chutrunganh\AppData\Local\Programs\MiKTeX\tex/latex/koma-script\tocba
sic.sty
Package: tocbasic 2026/02/02 v3.49.2 KOMA-Script package (handling toc-files)
\scr@dte@tocline@numberwidth=\skip110
\scr@dte@tocline@numbox=\box93
)
(C:\Users\chutrunganh\AppData\Local\Programs\MiKTeX\tex/latex/blindtext\blindte
xt.sty
Package: blindtext 2012/01/06 V2.0 blindtext-Package
\c@blindtext=\count382
\c@Blindtext=\count383
\c@blind@countparstart=\count384
\blind@countxx=\count385
\blindtext@numBlindtext=\count386
\blind@countyy=\count387
\c@blindlist=\count388
\c@blindlistlevel=\count389
\c@blindlist@level=\count390
\blind@listitem=\count391
\c@blind@listcount=\count392
\c@blind@levelcount=\count393
\blind@mathformula=\count394
\blind@Mathformula=\count395
\c@blind@randomcount=\count396
\c@blind@randommax=\count397
\c@blind@pangramcount=\count398
\c@blind@pangrammax=\count399
)
(C:\Users\chutrunganh\AppData\Local\Programs\MiKTeX\tex/latex/csquotes\csquotes
.sty
Package: csquotes 2026-05-19 v5.2p context-sensitive quotations (JAW)
\csq@reset=\count400
\csq@gtype=\count401
\csq@glevel=\count402
\csq@qlevel=\count403
\csq@maxlvl=\count404
\csq@tshold=\count405
\csq@ltx@everypar=\toks67

(C:\Users\chutrunganh\AppData\Local\Programs\MiKTeX\tex/latex/csquotes\csquotes
.def
File: csquotes.def 2026-05-19 v5.2p csquotes generic definitions (JAW)
)
Package csquotes Info: Trying to load configuration file 'csquotes.cfg'...
Package csquotes Info: ... configuration file loaded successfully.

(C:\Users\chutrunganh\AppData\Local\Programs\MiKTeX\tex/latex/csquotes\csquotes
.cfg
File: csquotes.cfg 
))
(C:\Users\chutrunganh\AppData\Local\Programs\MiKTeX\tex/latex/biblatex\biblatex
.sty
Package: biblatex 2025/07/10 v3.21 programmable bibliographies (PK/MW)

(C:\Users\chutrunganh\AppData\Local\Programs\MiKTeX\tex/generic/pdftexcmds\pdft
excmds.sty
Package: pdftexcmds 2020-06-27 v0.33 Utility functions of pdfTeX for LuaTeX (HO
)

(C:\Users\chutrunganh\AppData\Local\Programs\MiKTeX\tex/generic/infwarerr\infwa
rerr.sty
Package: infwarerr 2019/12/03 v1.5 Providing info/warning/error messages (HO)
)
Package pdftexcmds Info: \pdf@primitive is available.
Package pdftexcmds Info: \pdf@ifprimitive is available.
Package pdftexcmds Info: \pdfdraftmode found.
)
(C:\Users\chutrunganh\AppData\Local\Programs\MiKTeX\tex/latex/logreq\logreq.sty
Package: logreq 2010/08/04 v1.0 xml request logger
\lrq@indent=\count406

(C:\Users\chutrunganh\AppData\Local\Programs\MiKTeX\tex/latex/logreq\logreq.def
File: logreq.def 2010/08/04 v1.0 logreq spec v1.0
))
\c@tabx@nest=\count407
\c@listtotal=\count408
\c@listcount=\count409
\c@liststart=\count410
\c@liststop=\count411
\c@citecount=\count412
\c@citetotal=\count413
\c@multicitecount=\count414
\c@multicitetotal=\count415
\c@instcount=\count416
\c@maxnames=\count417
\c@minnames=\count418
\c@maxitems=\count419
\c@minitems=\count420
\c@citecounter=\count421
\c@maxcitecounter=\count422
\c@savedcitecounter=\count423
\c@uniquelist=\count424
\c@uniquename=\count425
\c@refsection=\count426
\c@refsegment=\count427
\c@maxextratitle=\count428
\c@maxextratitleyear=\count429
\c@maxextraname=\count430
\c@maxextradate=\count431
\c@maxextraalpha=\count432
\c@abbrvpenalty=\count433
\c@highnamepenalty=\count434
\c@lownamepenalty=\count435
\c@maxparens=\count436
\c@parenlevel=\count437
\blx@tempcnta=\count438
\blx@tempcntb=\count439
\blx@tempcntc=\count440
\c@blx@maxsection=\count441
\blx@maxsegment@0=\count442
\blx@notetype=\count443
\blx@parenlevel@text=\count444
\blx@parenlevel@foot=\count445
\blx@sectionciteorder@0=\count446
\blx@sectionciteorderinternal@0=\count447
\blx@entrysetcounter=\count448
\blx@biblioinstance=\count449
\labelnumberwidth=\skip111
\labelalphawidth=\skip112
\biblabelsep=\skip113
\bibitemsep=\skip114
\bibnamesep=\skip115
\bibinitsep=\skip116
\bibparsep=\skip117
\bibhang=\skip118
\blx@bcfin=\read5
\blx@bcfout=\write5
\blx@langwohyphens=\language80
\c@mincomprange=\count450
\c@maxcomprange=\count451
\c@mincompwidth=\count452
Package biblatex Info: Trying to load biblatex default data model...
Package biblatex Info: ... file 'blx-dm.def' found.

(C:\Users\chutrunganh\AppData\Local\Programs\MiKTeX\tex/latex/biblatex\blx-dm.d
ef
File: blx-dm.def 2025/07/10 v3.21 biblatex datamodel (PK/MW)
)
Package biblatex Info: Trying to load biblatex style data model...
Package biblatex Info: ... file 'ieee.dbx' not found.
Package biblatex Info: Trying to load biblatex custom data model...
Package biblatex Info: ... file 'biblatex-dm.cfg' not found.
\c@afterword=\count453
\c@savedafterword=\count454
\c@annotator=\count455
\c@savedannotator=\count456
\c@author=\count457
\c@savedauthor=\count458
\c@bookauthor=\count459
\c@savedbookauthor=\count460
\c@commentator=\count461
\c@savedcommentator=\count462
\c@editor=\count463
\c@savededitor=\count464
\c@editora=\count465
\c@savededitora=\count466
\c@editorb=\count467
\c@savededitorb=\count468
\c@editorc=\count469
\c@savededitorc=\count470
\c@foreword=\count471
\c@savedforeword=\count472
\c@holder=\count473
\c@savedholder=\count474
\c@introduction=\count475
\c@savedintroduction=\count476
\c@namea=\count477
\c@savednamea=\count478
\c@nameb=\count479
\c@savednameb=\count480
\c@namec=\count481
\c@savednamec=\count482
\c@translator=\count483
\c@savedtranslator=\count484
\c@shortauthor=\count485
\c@savedshortauthor=\count486
\c@shorteditor=\count487
\c@savedshorteditor=\count488
\c@labelname=\count489
\c@savedlabelname=\count490
\c@institution=\count491
\c@savedinstitution=\count492
\c@lista=\count493
\c@savedlista=\count494
\c@listb=\count495
\c@savedlistb=\count496
\c@listc=\count497
\c@savedlistc=\count498
\c@listd=\count499
\c@savedlistd=\count500
\c@liste=\count501
\c@savedliste=\count502
\c@listf=\count503
\c@savedlistf=\count504
\c@location=\count505
\c@savedlocation=\count506
\c@organization=\count507
\c@savedorganization=\count508
\c@origlocation=\count509
\c@savedoriglocation=\count510
\c@origpublisher=\count511
\c@savedorigpublisher=\count512
\c@publisher=\count513
\c@savedpublisher=\count514
\c@language=\count515
\c@savedlanguage=\count516
\c@origlanguage=\count517
\c@savedoriglanguage=\count518
\c@pageref=\count519
\c@savedpageref=\count520
\shorthandwidth=\skip119
\shortjournalwidth=\skip120
\shortserieswidth=\skip121
\shorttitlewidth=\skip122
\shortauthorwidth=\skip123
\shorteditorwidth=\skip124
\locallabelnumberwidth=\skip125
\locallabelalphawidth=\skip126
\localshorthandwidth=\skip127
\localshortjournalwidth=\skip128
\localshortserieswidth=\skip129
\localshorttitlewidth=\skip130
\localshortauthorwidth=\skip131
\localshorteditorwidth=\skip132
Package biblatex Info: Trying to load compatibility code...
Package biblatex Info: ... file 'blx-compat.def' found.

(C:\Users\chutrunganh\AppData\Local\Programs\MiKTeX\tex/latex/biblatex\blx-comp
at.def
File: blx-compat.def 2025/07/10 v3.21 biblatex compatibility (PK/MW)
)
Package biblatex Info: Trying to load BibTeX backend compatibility...
Package biblatex Info: ... file 'blx-bibtex.def' found.

(C:\Users\chutrunganh\AppData\Local\Programs\MiKTeX\tex/latex/biblatex\blx-bibt
ex.def
File: blx-bibtex.def 2025/07/10 v3.21 biblatex compatibility (PK/MW)


Package biblatex Warning: Using fall-back bibtex backend:
(biblatex)                functionality may be reduced/unavailable.

)
Package biblatex Info: Trying to load generic definitions...
Package biblatex Info: ... file 'biblatex.def' found.

(C:\Users\chutrunganh\AppData\Local\Programs\MiKTeX\tex/latex/biblatex\biblatex
.def
File: biblatex.def 2025/07/10 v3.21 biblatex compatibility (PK/MW)
\c@textcitecount=\count521
\c@textcitetotal=\count522
\c@textcitemaxnames=\count523
\c@biburlbigbreakpenalty=\count524
\c@biburlbreakpenalty=\count525
\c@biburlnumpenalty=\count526
\c@biburlucpenalty=\count527
\c@biburllcpenalty=\count528
\biburlbigskip=\muskip19
\biburlnumskip=\muskip20
\biburlucskip=\muskip21
\biburllcskip=\muskip22
\c@smartand=\count529
)
Package biblatex Info: Trying to load bibliography style 'ieee'...
Package biblatex Info: ... file 'ieee.bbx' found.

(C:\Users\chutrunganh\AppData\Local\Programs\MiKTeX\tex/latex/biblatex-ieee\iee
e.bbx
File: ieee.bbx 2025-08-01 v1.4f biblatex bibliography style
Package biblatex Info: Trying to load bibliography style 'numeric-comp'...
Package biblatex Info: ... file 'numeric-comp.bbx' found.

(C:\Users\chutrunganh\AppData\Local\Programs\MiKTeX\tex/latex/biblatex/bbx\nume
ric-comp.bbx
File: numeric-comp.bbx 2025/07/10 v3.21 biblatex bibliography style (PK/MW)
Package biblatex Info: Trying to load bibliography style 'numeric'...
Package biblatex Info: ... file 'numeric.bbx' found.

(C:\Users\chutrunganh\AppData\Local\Programs\MiKTeX\tex/latex/biblatex/bbx\nume
ric.bbx
File: numeric.bbx 2025/07/10 v3.21 biblatex bibliography style (PK/MW)
Package biblatex Info: Trying to load bibliography style 'standard'...
Package biblatex Info: ... file 'standard.bbx' found.

(C:\Users\chutrunganh\AppData\Local\Programs\MiKTeX\tex/latex/biblatex/bbx\stan
dard.bbx
File: standard.bbx 2025/07/10 v3.21 biblatex bibliography style (PK/MW)
\c@bbx:relatedcount=\count530
\c@bbx:relatedtotal=\count531
))))
Package biblatex Info: Trying to load citation style 'ieee'...
Package biblatex Info: ... file 'ieee.cbx' found.

(C:\Users\chutrunganh\AppData\Local\Programs\MiKTeX\tex/latex/biblatex-ieee\iee
e.cbx
File: ieee.cbx 2025-08-01 v1.4f biblatex citation style
Package biblatex Info: Trying to load citation style 'numeric-verb'...
Package biblatex Info: ... file 'numeric-verb.cbx' found.

(C:\Users\chutrunganh\AppData\Local\Programs\MiKTeX\tex/latex/biblatex/cbx\nume
ric-verb.cbx
File: numeric-verb.cbx 2025/07/10 v3.21 biblatex citation style (PK/MW)
Package biblatex Info: Redefining '\cite'.
Package biblatex Info: Redefining '\parencite'.
Package biblatex Info: Redefining '\footcite'.
Package biblatex Info: Redefining '\footcitetext'.
Package biblatex Info: Redefining '\smartcite'.
Package biblatex Info: Redefining '\textcite'.
Package biblatex Info: Redefining '\supercite'.
Package biblatex Info: Redefining '\parencites'.
Package biblatex Info: Redefining '\smartcites'.
Package biblatex Info: Redefining '\textcites'.
))
Package biblatex Info: Trying to load configuration file...
Package biblatex Info: ... file 'biblatex.cfg' found.

(C:\Users\chutrunganh\AppData\Local\Programs\MiKTeX\tex/latex/biblatex\biblatex
.cfg
File: biblatex.cfg 
)
Package biblatex Info: Input encoding 'utf8' detected.
Package biblatex Info: Document encoding is UTF8 ....

(C:\Users\chutrunganh\AppData\Local\Programs\MiKTeX\tex/latex/l3kernel\expl3.st
y
Package: expl3 2025-12-24 L3 programming layer (loader) 

(C:\Users\chutrunganh\AppData\Local\Programs\MiKTeX\tex/latex/l3backend\l3backe
nd-pdftex.def
File: l3backend-pdftex.def 2025-10-09 L3 backend support: PDF output (pdfTeX)
\l__color_backend_stack_int=\count532
))
Package biblatex Info: ... and expl3
(biblatex)             2025-12-24 L3 programming layer (loader) 
(biblatex)             is new enough (at least 2020/04/06),
(biblatex)             setting 'casechanger=expl3'.

(C:\Users\chutrunganh\AppData\Local\Programs\MiKTeX\tex/latex/biblatex\blx-case
-expl3.sty
(C:\Users\chutrunganh\AppData\Local\Programs\MiKTeX\tex/latex/l3packages/xparse
\xparse.sty
Package: xparse 2025-10-09 L3 Experimental document command parser
)
Package: blx-case-expl3 2025/07/10 v3.21 expl3 case changing code for biblatex
))

LaTeX Warning: \include should only be used after \begin{document} on input lin
e 48.

(../../lstlisting.tex
(C:\Users\chutrunganh\AppData\Local\Programs\MiKTeX\tex/latex/fancyvrb\fancyvrb
.sty
Package: fancyvrb 2026/04/16 4.6a verbatim text (tvz,hv)
\FV@CodeLineNo=\count533
\FV@InFile=\read6
\FV@TabBox=\box94
\c@FancyVerbLine=\count534
\FV@StepNumber=\count535
\FV@OutFile=\write6
LaTeX Info: Redefining \UseVerb on input line 1230.
)) (../../glossary.tex)
(C:\Users\chutrunganh\AppData\Local\Programs\MiKTeX\tex/latex/hyperref\hyperref
.sty
Package: hyperref 2025-07-12 v7.01o Hypertext links for LaTeX

(C:\Users\chutrunganh\AppData\Local\Programs\MiKTeX\tex/generic/kvdefinekeys\kv
definekeys.sty
Package: kvdefinekeys 2019-12-19 v1.6 Define keys (HO)
)
(C:\Users\chutrunganh\AppData\Local\Programs\MiKTeX\tex/generic/pdfescape\pdfes
cape.sty
Package: pdfescape 2019/12/09 v1.15 Implements pdfTeX's escape features (HO)
)
(C:\Users\chutrunganh\AppData\Local\Programs\MiKTeX\tex/latex/hycolor\hycolor.s
ty
Package: hycolor 2020-01-27 v1.10 Color options for hyperref/bookmark (HO)
)
(C:\Users\chutrunganh\AppData\Local\Programs\MiKTeX\tex/latex/hyperref\nameref.
sty
Package: nameref 2025-06-21 v2.57 Cross-referencing by name of section

(C:\Users\chutrunganh\AppData\Local\Programs\MiKTeX\tex/latex/refcount\refcount
.sty
Package: refcount 2019/12/15 v3.6 Data extraction from label references (HO)
)
(C:\Users\chutrunganh\AppData\Local\Programs\MiKTeX\tex/generic/gettitlestring\
gettitlestring.sty
Package: gettitlestring 2019/12/15 v1.6 Cleanup title references (HO)
)
\c@section@level=\count536
)
(C:\Users\chutrunganh\AppData\Local\Programs\MiKTeX\tex/generic/stringenc\strin
genc.sty
Package: stringenc 2019/11/29 v1.12 Convert strings between diff. encodings (HO
)
)
\@linkdim=\dimen334
\Hy@linkcounter=\count537
\Hy@pagecounter=\count538

(C:\Users\chutrunganh\AppData\Local\Programs\MiKTeX\tex/latex/hyperref\pd1enc.d
ef
File: pd1enc.def 2025-07-12 v7.01o Hyperref: PDFDocEncoding definition (HO)
Now handling font encoding PD1 ...
... no UTF-8 mapping file for font encoding PD1
)
(C:\Users\chutrunganh\AppData\Local\Programs\MiKTeX\tex/generic/intcalc\intcalc
.sty
Package: intcalc 2019/12/15 v1.3 Expandable calculations with integers (HO)
)
\Hy@SavedSpaceFactor=\count539

(C:\Users\chutrunganh\AppData\Local\Programs\MiKTeX\tex/latex/hyperref\puenc.de
f
File: puenc.def 2025-07-12 v7.01o Hyperref: PDF Unicode definition (HO)
Now handling font encoding PU ...
... no UTF-8 mapping file for font encoding PU
)
Package hyperref Info: Hyper figures OFF on input line 4195.
Package hyperref Info: Link nesting OFF on input line 4200.
Package hyperref Info: Hyper index ON on input line 4203.
Package hyperref Info: Plain pages OFF on input line 4210.
Package hyperref Info: Backreferencing OFF on input line 4215.
Package hyperref Info: Implicit mode ON; LaTeX internals redefined.
Package hyperref Info: Bookmarks ON on input line 4462.
\c@Hy@tempcnt=\count540
LaTeX Info: Redefining \url on input line 4801.
\XeTeXLinkMargin=\dimen335

(C:\Users\chutrunganh\AppData\Local\Programs\MiKTeX\tex/generic/bitset\bitset.s
ty
Package: bitset 2019/12/09 v1.3 Handle bit-vector datatype (HO)

(C:\Users\chutrunganh\AppData\Local\Programs\MiKTeX\tex/generic/bigintcalc\bigi
ntcalc.sty
Package: bigintcalc 2019/12/15 v1.5 Expandable calculations on big integers (HO
)
))
\Fld@menulength=\count541
\Field@Width=\dimen336
\Fld@charsize=\dimen337
Package hyperref Info: Hyper figures OFF on input line 6078.
Package hyperref Info: Link nesting OFF on input line 6083.
Package hyperref Info: Hyper index ON on input line 6086.
Package hyperref Info: backreferencing OFF on input line 6093.
Package hyperref Info: Link coloring OFF on input line 6098.
Package hyperref Info: Link coloring with OCG OFF on input line 6103.
Package hyperref Info: PDF/A mode OFF on input line 6108.
\Hy@abspage=\count542
\c@Item=\count543
\c@Hfootnote=\count544
)
Package hyperref Info: Driver (autodetected): hpdftex.

(C:\Users\chutrunganh\AppData\Local\Programs\MiKTeX\tex/latex/hyperref\hpdftex.
def
File: hpdftex.def 2025-07-12 v7.01o Hyperref driver for pdfTeX
\Fld@listcount=\count545
\c@bookmark@seq@number=\count546

(C:\Users\chutrunganh\AppData\Local\Programs\MiKTeX\tex/latex/rerunfilecheck\re
runfilecheck.sty
Package: rerunfilecheck 2025-06-21 v1.11 Rerun checks for auxiliary files (HO)

(C:\Users\chutrunganh\AppData\Local\Programs\MiKTeX\tex/generic/uniquecounter\u
niquecounter.sty
Package: uniquecounter 2019/12/15 v1.4 Provide unlimited unique counter (HO)
)
Package uniquecounter Info: New unique counter `rerunfilecheck' on input line 2
84.
)
\Hy@SectionHShift=\skip133
)
(C:\Users\chutrunganh\AppData\Local\Programs\MiKTeX\tex/latex/hypcap\hypcap.sty
Package: hypcap 2024-07-26 v1.13 Adjusting the anchors of captions (HO)

(C:\Users\chutrunganh\AppData\Local\Programs\MiKTeX\tex/latex/letltxmacro\letlt
xmacro.sty
Package: letltxmacro 2019/12/03 v1.6 Let assignment for LaTeX macros (HO)
))
\c@example=\count547
))
Package csquotes Info: Checking for multilingual support...
Package csquotes Info: ... found 'babel' package.
Package csquotes Info: Adjusting default style.
Package csquotes Info: Redefining alias 'default' -> 'english'.
LaTeX Font Info:    Trying to load font information for OT1+ptm on input line 3
.

(C:\Users\chutrunganh\AppData\Local\Programs\MiKTeX\tex/latex/psnfss\ot1ptm.fd
File: ot1ptm.fd 2001/06/04 font definitions for OT1/ptm.
)

LaTeX Warning: Unused global option(s):
    [13pt,3p].

No file 0_2_Acknowledgment.aux.
\openout1 = `0_2_Acknowledgment.aux'.

LaTeX Font Info:    Checking defaults for OML/cmm/m/it on input line 3.
LaTeX Font Info:    ... okay on input line 3.
LaTeX Font Info:    Checking defaults for OMS/cmsy/m/n on input line 3.
LaTeX Font Info:    ... okay on input line 3.
LaTeX Font Info:    Checking defaults for OT1/cmr/m/n on input line 3.
LaTeX Font Info:    ... okay on input line 3.
LaTeX Font Info:    Checking defaults for T1/cmr/m/n on input line 3.
LaTeX Font Info:    ... okay on input line 3.
LaTeX Font Info:    Checking defaults for TS1/cmr/m/n on input line 3.
LaTeX Font Info:    ... okay on input line 3.
LaTeX Font Info:    Checking defaults for OMX/cmex/m/n on input line 3.
LaTeX Font Info:    ... okay on input line 3.
LaTeX Font Info:    Checking defaults for U/cmr/m/n on input line 3.
LaTeX Font Info:    ... okay on input line 3.
LaTeX Font Info:    Checking defaults for PD1/pdf/m/n on input line 3.
LaTeX Font Info:    ... okay on input line 3.
LaTeX Font Info:    Checking defaults for PU/pdf/m/n on input line 3.
LaTeX Font Info:    ... okay on input line 3.
*geometry* driver: auto-detecting
*geometry* detected driver: pdftex
*geometry* verbose mode - [ preamble ] result:
* driver: pdftex
* paper: a4paper
* layout: <same size as paper>
* layoutoffset:(h,v)=(0.0pt,0.0pt)
* modes: twoside 
* h-part:(L,W,R)=(99.58464pt, 426.79135pt, 71.13188pt)
* v-part:(T,H,B)=(56.9055pt, 731.23584pt, 56.9055pt)
* \paperwidth=597.50787pt
* \paperheight=845.04684pt
* \textwidth=426.79135pt
* \textheight=731.23584pt
* \oddsidemargin=27.31465pt
* \evensidemargin=-1.1381pt
* \topmargin=-52.36449pt
* \headheight=10.0pt
* \headsep=25.0pt
* \topskip=10.0pt
* \footskip=30.0pt
* \marginparwidth=111.0pt
* \marginparsep=11.0pt
* \columnsep=10.0pt
* \skip\footins=11.69997pt plus 5.19942pt minus 2.60054pt
* \hoffset=0.0pt
* \voffset=0.0pt
* \mag=1000
* \@twocolumnfalse
* \@twosidetrue
* \@mparswitchtrue
* \@reversemarginfalse
* (1in=72.27pt=25.4mm, 1cm=28.453pt)


(C:\Users\chutrunganh\AppData\Local\Programs\MiKTeX\tex/context/base/mkii\supp-
pdf.mkii
[Loading MPS to PDF converter (version 2006.09.02).]
\scratchcounter=\count548
\scratchdimen=\dimen338
\scratchbox=\box95
\nofMPsegments=\count549
\nofMParguments=\count550
\everyMPshowfont=\toks68
\MPscratchCnt=\count551
\MPscratchDim=\dimen339
\MPnumerator=\count552
\makeMPintoPDFobject=\count553
\everyMPtoPDFconversion=\toks69
)
(C:\Users\chutrunganh\AppData\Local\Programs\MiKTeX\tex/latex/epstopdf-pkg\epst
opdf-base.sty
Package: epstopdf-base 2020-01-24 v2.11 Base part for package epstopdf

(C:\Users\chutrunganh\AppData\Local\Programs\MiKTeX\tex/latex/grfext\grfext.sty
Package: grfext 2019/12/03 v1.3 Manage graphics extensions (HO)
)
Package epstopdf-base Info: Redefining graphics rule for `.eps' on input line 4
85.
Package grfext Info: Graphics extension search list:
(grfext)             [.pdf,.png,.jpg,.mps,.jpeg,.jbig2,.jb2,.PDF,.PNG,.JPG,.JPE
G,.JBIG2,.JB2,.eps]
(grfext)             \AppendGraphicsExtensions on input line 504.

(C:\Users\chutrunganh\AppData\Local\Programs\MiKTeX\tex/latex/00miktex\epstopdf
-sys.cfg
File: epstopdf-sys.cfg 2021/03/18 v2.0 Configuration of epstopdf for MiKTeX
))
Package caption Info: Begin \AtBeginDocument code.
Package caption Info: float package is loaded.
Package caption Info: hyperref package is loaded.
Package caption Info: hypcap package is loaded.
Package caption Info: listings package is loaded.
Package caption Info: longtable package is loaded.

(C:\Users\chutrunganh\AppData\Local\Programs\MiKTeX\tex/latex/caption\ltcaption
.sty
Package: ltcaption 2021/01/08 v1.4c longtable captions (AR)
)
Package caption Info: supertabular package is loaded.
Package caption Info: End \AtBeginDocument code.
\c@lstlisting=\count554
Package tocbasic Info: setting babel extension for `lol' on input line 3.
Package biblatex Info: Trying to load language 'english'...
Package biblatex Info: ... file 'english.lbx' found.

(C:\Users\chutrunganh\AppData\Local\Programs\MiKTeX\tex/latex/biblatex/lbx\engl
ish.lbx
File: english.lbx 2025/07/10 v3.21 biblatex localization (PK/MW)
)
Package biblatex Info: Input encoding 'utf8' detected.
Package biblatex Info: Automatic encoding selection.
(biblatex)             Assuming data encoding 'utf8'.
Package biblatex Info: Input encoding 'utf8' detected.
Package biblatex Info: Data encoding 'utf8' specified.
(biblatex)             No need to reencode data.
\openout5 = `0_2_Acknowledgment-blx.bib'.

Package biblatex Info: Trying to load bibliographic data...
Package biblatex Info: ... file '0_2_Acknowledgment.bbl' not found.

No file 0_2_Acknowledgment.bbl.
Package biblatex Info: Reference section=0 on input line 3.
Package biblatex Info: Reference segment=0 on input line 3.
Package hyperref Info: Link coloring OFF on input line 3.
\@outlinefile=\write7
\openout7 = `0_2_Acknowledgment.out'.

[1

{C:/Users/chutrunganh/AppData/Local/MiKTeX/fonts/map/pdftex/pdftex.map}{C:/User
s/chutrunganh/AppData/Local/Programs/MiKTeX/fonts/enc/dvips/base/8r.enc}]
(0_2_Acknowledgment.aux)
 ***********
LaTeX2e <2025-11-01>
L3 programming layer <2025-12-24>
 ***********


LaTeX Font Warning: Size substitutions with differences
(Font)              up to 1.0pt have occurred.


LaTeX Warning: There were undefined references.


Package rerunfilecheck Warning: File `0_2_Acknowledgment.out' has changed.
(rerunfilecheck)                Rerun to get outlines right
(rerunfilecheck)                or use package `bookmark'.

Package rerunfilecheck Info: Checksums for `0_2_Acknowledgment.out':
(rerunfilecheck)             Before: <no file>
(rerunfilecheck)             After:  D41D8CD98F00B204E9800998ECF8427E;0.

Package biblatex Warning: Please (re)run BibTeX on the file(s):
(biblatex)                0_2_Acknowledgment
(biblatex)                and rerun LaTeX afterwards.

Package logreq Info: Writing requests to '0_2_Acknowledgment.run.xml'.
\openout1 = `0_2_Acknowledgment.run.xml'.

 ) 
Here is how much of TeX's memory you used:
 45845 strings out of 467870
 905997 string characters out of 5415451
 1810691 words of memory out of 5000000
 74059 multiletter control sequences out of 15000+600000
 633363 words of font info for 48 fonts, out of 8000000 for 9000
 1141 hyphenation exceptions out of 8191
 130i,5n,124p,2566b,1829s stack positions out of 10000i,1000n,20000p,200000b,200000s
<C:/Users/chutrunganh/AppData/Local/Programs/MiKTeX/fonts/type1/urw/times/utm
b8a.pfb><C:/Users/chutrunganh/AppData/Local/Programs/MiKTeX/fonts/type1/urw/tim
es/utmr8a.pfb>
Output written on 0_2_Acknowledgment.pdf (1 page, 28656 bytes).
PDF statistics:
 25 PDF objects out of 1000 (max. 8388607)
 2 named destinations out of 1000 (max. 500000)
 13 words of extra memory for PDF output out of 10000 (max. 10000000)

